==64740== Memcheck, a memory error detector
==64740== Copyright (C) 2002-2017, and GNU GPL'd, by Julian Seward et al.
==64740== Using Valgrind-3.18.1 and LibVEX; rerun with -h for copyright info
==64740== Command: ./main
==64740== Parent PID: 2407
==64740== 
==64740== Thread 5 runtc:
==64740== Conditional jump or move depends on uninitialised value(s)
==64740==    at 0x113B11: newDate (dates.c:61)
==64740==    by 0x113AD4: Datedup (dates.h:70)
==64740==    by 0x11183E: init_cm (main.c:193)
==64740==    by 0x110169: runmember (main.c:59)
==64740==    by 0x120FA3: runtc (userrunhandlers.c:182)
==64740==    by 0x53ABAD0: ??? (in /usr/lib/x86_64-linux-gnu/libglib-2.0.so.0.6400.6)
==64740==    by 0x60FA608: start_thread (pthread_create.c:477)
==64740==    by 0x5732162: clone (clone.S:95)
==64740== 
{
   <insert_a_suppression_name_here>
   Memcheck:Cond
   fun:newDate
   fun:Datedup
   fun:init_cm
   fun:runmember
   fun:runtc
   obj:/usr/lib/x86_64-linux-gnu/libglib-2.0.so.0.6400.6
   fun:start_thread
   fun:clone
}
==64740== 
==64740== HEAP SUMMARY:
==64740==     in use at exit: 96,870,913 bytes in 150,999 blocks
==64740==   total heap usage: 51,941,444 allocs, 51,790,445 frees, 48,806,291,639 bytes allocated
==64740== 
==64740== Thread 1:
==64740== 24 bytes in 1 blocks are still reachable in loss record 4,273 of 24,951
==64740==    at 0x484147B: calloc (vg_replace_malloc.c:1328)
==64740==    by 0x135BC8: jalloc (helperfunctions.c:116)
==64740==    by 0x11685A: newHashtable (hashtable.c:182)
==64740==    by 0x11F3F4: userinterface (userinterface.c:82)
==64740==    by 0x10FE4F: main (main.c:18)
==64740== 
{
   <insert_a_suppression_name_here>
   Memcheck:Leak
   match-leak-kinds: reachable
   fun:calloc
   fun:jalloc
   fun:newHashtable
   fun:userinterface
   fun:main
}
==64740== 24 bytes in 1 blocks are still reachable in loss record 4,274 of 24,951
==64740==    at 0x484147B: calloc (vg_replace_malloc.c:1328)
==64740==    by 0x135BC8: jalloc (helperfunctions.c:116)
==64740==    by 0x11685A: newHashtable (hashtable.c:182)
==64740==    by 0x11F40A: userinterface (userinterface.c:83)
==64740==    by 0x10FE4F: main (main.c:18)
==64740== 
{
   <insert_a_suppression_name_here>
   Memcheck:Leak
   match-leak-kinds: reachable
   fun:calloc
   fun:jalloc
   fun:newHashtable
   fun:userinterface
   fun:main
}
==64740== 144 bytes in 1 blocks are still reachable in loss record 18,985 of 24,951
==64740==    at 0x483C855: malloc (vg_replace_malloc.c:381)
==64740==    by 0x134118: buf__grow (common.c:30)
==64740==    by 0x131F0F: resolve_expr_call_default (resolve.c:686)
==64740==    by 0x132118: resolve_expr_call (resolve.c:707)
==64740==    by 0x132955: resolve_expected_expr (resolve.c:823)
==64740==    by 0x131229: resolve_expr (resolve.c:488)
==64740==    by 0x1324DF: resolve_expr_binary (resolve.c:763)
==64740==    by 0x132998: resolve_expected_expr (resolve.c:829)
==64740==    by 0x131229: resolve_expr (resolve.c:488)
==64740==    by 0x1324C8: resolve_expr_binary (resolve.c:762)
==64740==    by 0x132998: resolve_expected_expr (resolve.c:829)
==64740==    by 0x1328C8: resolve_expected_expr (resolve.c:810)
==64740== 
{
   <insert_a_suppression_name_here>
   Memcheck:Leak
   match-leak-kinds: reachable
   fun:malloc
   fun:buf__grow
   fun:resolve_expr_call_default
   fun:resolve_expr_call
   fun:resolve_expected_expr
   fun:resolve_expr
   fun:resolve_expr_binary
   fun:resolve_expected_expr
   fun:resolve_expr
   fun:resolve_expr_binary
   fun:resolve_expected_expr
   fun:resolve_expected_expr
}
==64740== 144 bytes in 1 blocks are possibly lost in loss record 19,512 of 24,951
==64740==    at 0x483C855: malloc (vg_replace_malloc.c:381)
==64740==    by 0x134118: buf__grow (common.c:30)
==64740==    by 0x13458A: arena_grow (common.c:63)
==64740==    by 0x134656: arena_alloc (common.c:72)
==64740==    by 0x135000: str_intern_range (common.c:257)
==64740==    by 0x1350B4: str_intern (common.c:271)
==64740==    by 0x129355: add_builtin_var (interpret.c:27)
==64740==    by 0x129562: add_builtin_double (interpret.c:65)
==64740==    by 0x112C3D: add_builtin_vars (assumptions.c:17)
==64740==    by 0x112D0A: interpret_code (assumptions.c:29)
==64740==    by 0x113727: calcA (assumptions.c:148)
==64740==    by 0x111A37: init_cm (main.c:216)
==64740== 
{
   <insert_a_suppression_name_here>
   Memcheck:Leak
   match-leak-kinds: possible
   fun:malloc
   fun:buf__grow
   fun:arena_grow
   fun:arena_alloc
   fun:str_intern_range
   fun:str_intern
   fun:add_builtin_var
   fun:add_builtin_double
   fun:add_builtin_vars
   fun:interpret_code
   fun:calcA
   fun:init_cm
}
==64740== 144 bytes in 1 blocks are possibly lost in loss record 19,513 of 24,951
==64740==    at 0x483C855: malloc (vg_replace_malloc.c:381)
==64740==    by 0x134118: buf__grow (common.c:30)
==64740==    by 0x131F0F: resolve_expr_call_default (resolve.c:686)
==64740==    by 0x132118: resolve_expr_call (resolve.c:707)
==64740==    by 0x132955: resolve_expected_expr (resolve.c:823)
==64740==    by 0x131229: resolve_expr (resolve.c:488)
==64740==    by 0x1324DF: resolve_expr_binary (resolve.c:763)
==64740==    by 0x132998: resolve_expected_expr (resolve.c:829)
==64740==    by 0x131229: resolve_expr (resolve.c:488)
==64740==    by 0x1324C8: resolve_expr_binary (resolve.c:762)
==64740==    by 0x132998: resolve_expected_expr (resolve.c:829)
==64740==    by 0x132C99: resolve_stmt_assign (resolve.c:879)
==64740== 
{
   <insert_a_suppression_name_here>
   Memcheck:Leak
   match-leak-kinds: possible
   fun:malloc
   fun:buf__grow
   fun:resolve_expr_call_default
   fun:resolve_expr_call
   fun:resolve_expected_expr
   fun:resolve_expr
   fun:resolve_expr_binary
   fun:resolve_expected_expr
   fun:resolve_expr
   fun:resolve_expr_binary
   fun:resolve_expected_expr
   fun:resolve_stmt_assign
}
==64740== 272 bytes in 1 blocks are possibly lost in loss record 21,508 of 24,951
==64740==    at 0x48416C6: realloc (vg_replace_malloc.c:1437)
==64740==    by 0x134106: buf__grow (common.c:28)
==64740==    by 0x12A942: init_keywords (lex.c:45)
==64740==    by 0x1295B6: init_interpreter (interpret.c:75)
==64740==    by 0x12993A: interpret (interpret.c:131)
==64740==    by 0x112D9D: interpret_code (assumptions.c:34)
==64740==    by 0x113727: calcA (assumptions.c:148)
==64740==    by 0x111A37: init_cm (main.c:216)
==64740==    by 0x110169: runmember (main.c:59)
==64740==    by 0x120FA3: runtc (userrunhandlers.c:182)
==64740==    by 0x53ABAD0: ??? (in /usr/lib/x86_64-linux-gnu/libglib-2.0.so.0.6400.6)
==64740==    by 0x60FA608: start_thread (pthread_create.c:477)
==64740== 
{
   <insert_a_suppression_name_here>
   Memcheck:Leak
   match-leak-kinds: possible
   fun:realloc
   fun:buf__grow
   fun:init_keywords
   fun:init_interpreter
   fun:interpret
   fun:interpret_code
   fun:calcA
   fun:init_cm
   fun:runmember
   fun:runtc
   obj:/usr/lib/x86_64-linux-gnu/libglib-2.0.so.0.6400.6
   fun:start_thread
}
==64740== 288 bytes in 2 blocks are possibly lost in loss record 21,816 of 24,951
==64740==    at 0x483C855: malloc (vg_replace_malloc.c:381)
==64740==    by 0x134118: buf__grow (common.c:30)
==64740==    by 0x131F0F: resolve_expr_call_default (resolve.c:686)
==64740==    by 0x132118: resolve_expr_call (resolve.c:707)
==64740==    by 0x132955: resolve_expected_expr (resolve.c:823)
==64740==    by 0x131229: resolve_expr (resolve.c:488)
==64740==    by 0x1324C8: resolve_expr_binary (resolve.c:762)
==64740==    by 0x132998: resolve_expected_expr (resolve.c:829)
==64740==    by 0x131DF7: resolve_expr_call_default (resolve.c:677)
==64740==    by 0x132118: resolve_expr_call (resolve.c:707)
==64740==    by 0x132955: resolve_expected_expr (resolve.c:823)
==64740==    by 0x131229: resolve_expr (resolve.c:488)
==64740== 
{
   <insert_a_suppression_name_here>
   Memcheck:Leak
   match-leak-kinds: possible
   fun:malloc
   fun:buf__grow
   fun:resolve_expr_call_default
   fun:resolve_expr_call
   fun:resolve_expected_expr
   fun:resolve_expr
   fun:resolve_expr_binary
   fun:resolve_expected_expr
   fun:resolve_expr_call_default
   fun:resolve_expr_call
   fun:resolve_expected_expr
   fun:resolve_expr
}
==64740== 400 bytes in 1 blocks are still reachable in loss record 22,517 of 24,951
==64740==    at 0x483C855: malloc (vg_replace_malloc.c:381)
==64740==    by 0x134118: buf__grow (common.c:30)
==64740==    by 0x12F257: parse_stmt_select_case (parse.c:460)
==64740==    by 0x12F69E: parse_stmt_select (parse.c:489)
==64740==    by 0x12F92B: parse_stmt (parse.c:513)
==64740==    by 0x12F4B9: parse_stmt_select_case (parse.c:473)
==64740==    by 0x12F69E: parse_stmt_select (parse.c:489)
==64740==    by 0x12F92B: parse_stmt (parse.c:513)
==64740==    by 0x12FA10: parse_stmts (parse.c:526)
==64740==    by 0x12969B: parse_interpreter (interpret.c:105)
==64740==    by 0x12993F: interpret (interpret.c:132)
==64740==    by 0x112D9D: interpret_code (assumptions.c:34)
==64740== 
{
   <insert_a_suppression_name_here>
   Memcheck:Leak
   match-leak-kinds: reachable
   fun:malloc
   fun:buf__grow
   fun:parse_stmt_select_case
   fun:parse_stmt_select
   fun:parse_stmt
   fun:parse_stmt_select_case
   fun:parse_stmt_select
   fun:parse_stmt
   fun:parse_stmts
   fun:parse_interpreter
   fun:interpret
   fun:interpret_code
}
==64740== 400 bytes in 1 blocks are possibly lost in loss record 22,537 of 24,951
==64740==    at 0x483C855: malloc (vg_replace_malloc.c:381)
==64740==    by 0x134118: buf__grow (common.c:30)
==64740==    by 0x12F257: parse_stmt_select_case (parse.c:460)
==64740==    by 0x12F69E: parse_stmt_select (parse.c:489)
==64740==    by 0x12F92B: parse_stmt (parse.c:513)
==64740==    by 0x12FA10: parse_stmts (parse.c:526)
==64740==    by 0x12969B: parse_interpreter (interpret.c:105)
==64740==    by 0x12993F: interpret (interpret.c:132)
==64740==    by 0x112D9D: interpret_code (assumptions.c:34)
==64740==    by 0x113727: calcA (assumptions.c:148)
==64740==    by 0x111A37: init_cm (main.c:216)
==64740==    by 0x110169: runmember (main.c:59)
==64740== 
{
   <insert_a_suppression_name_here>
   Memcheck:Leak
   match-leak-kinds: possible
   fun:malloc
   fun:buf__grow
   fun:parse_stmt_select_case
   fun:parse_stmt_select
   fun:parse_stmt
   fun:parse_stmts
   fun:parse_interpreter
   fun:interpret
   fun:interpret_code
   fun:calcA
   fun:init_cm
   fun:runmember
}
==64740== 400 bytes in 1 blocks are possibly lost in loss record 22,538 of 24,951
==64740==    at 0x483C855: malloc (vg_replace_malloc.c:381)
==64740==    by 0x134118: buf__grow (common.c:30)
==64740==    by 0x12F257: parse_stmt_select_case (parse.c:460)
==64740==    by 0x12F69E: parse_stmt_select (parse.c:489)
==64740==    by 0x12F92B: parse_stmt (parse.c:513)
==64740==    by 0x12FA10: parse_stmts (parse.c:526)
==64740==    by 0x12969B: parse_interpreter (interpret.c:105)
==64740==    by 0x12993F: interpret (interpret.c:132)
==64740==    by 0x112D9D: interpret_code (assumptions.c:34)
==64740==    by 0x11387F: wxdef (assumptions.c:174)
==64740==    by 0x110B6C: runmember (main.c:123)
==64740==    by 0x120FA3: runtc (userrunhandlers.c:182)
==64740== 
{
   <insert_a_suppression_name_here>
   Memcheck:Leak
   match-leak-kinds: possible
   fun:malloc
   fun:buf__grow
   fun:parse_stmt_select_case
   fun:parse_stmt_select
   fun:parse_stmt
   fun:parse_stmts
   fun:parse_interpreter
   fun:interpret
   fun:interpret_code
   fun:wxdef
   fun:runmember
   fun:runtc
}
==64740== 432 bytes in 3 blocks are still reachable in loss record 22,645 of 24,951
==64740==    at 0x483C855: malloc (vg_replace_malloc.c:381)
==64740==    by 0x134118: buf__grow (common.c:30)
==64740==    by 0x131F0F: resolve_expr_call_default (resolve.c:686)
==64740==    by 0x132118: resolve_expr_call (resolve.c:707)
==64740==    by 0x132955: resolve_expected_expr (resolve.c:823)
==64740==    by 0x131229: resolve_expr (resolve.c:488)
==64740==    by 0x1324DF: resolve_expr_binary (resolve.c:763)
==64740==    by 0x132998: resolve_expected_expr (resolve.c:829)
==64740==    by 0x131229: resolve_expr (resolve.c:488)
==64740==    by 0x1324DF: resolve_expr_binary (resolve.c:763)
==64740==    by 0x132998: resolve_expected_expr (resolve.c:829)
==64740==    by 0x1328C8: resolve_expected_expr (resolve.c:810)
==64740== 
{
   <insert_a_suppression_name_here>
   Memcheck:Leak
   match-leak-kinds: reachable
   fun:malloc
   fun:buf__grow
   fun:resolve_expr_call_default
   fun:resolve_expr_call
   fun:resolve_expected_expr
   fun:resolve_expr
   fun:resolve_expr_binary
   fun:resolve_expected_expr
   fun:resolve_expr
   fun:resolve_expr_binary
   fun:resolve_expected_expr
   fun:resolve_expected_expr
}
==64740== 720 bytes in 5 blocks are possibly lost in loss record 23,456 of 24,951
==64740==    at 0x483C855: malloc (vg_replace_malloc.c:381)
==64740==    by 0x134118: buf__grow (common.c:30)
==64740==    by 0x131F0F: resolve_expr_call_default (resolve.c:686)
==64740==    by 0x132118: resolve_expr_call (resolve.c:707)
==64740==    by 0x132955: resolve_expected_expr (resolve.c:823)
==64740==    by 0x131229: resolve_expr (resolve.c:488)
==64740==    by 0x1324DF: resolve_expr_binary (resolve.c:763)
==64740==    by 0x132998: resolve_expected_expr (resolve.c:829)
==64740==    by 0x131229: resolve_expr (resolve.c:488)
==64740==    by 0x1324DF: resolve_expr_binary (resolve.c:763)
==64740==    by 0x132998: resolve_expected_expr (resolve.c:829)
==64740==    by 0x1328C8: resolve_expected_expr (resolve.c:810)
==64740== 
{
   <insert_a_suppression_name_here>
   Memcheck:Leak
   match-leak-kinds: possible
   fun:malloc
   fun:buf__grow
   fun:resolve_expr_call_default
   fun:resolve_expr_call
   fun:resolve_expected_expr
   fun:resolve_expr
   fun:resolve_expr_binary
   fun:resolve_expected_expr
   fun:resolve_expr
   fun:resolve_expr_binary
   fun:resolve_expected_expr
   fun:resolve_expected_expr
}
==64740== 800 bytes in 2 blocks are still reachable in loss record 23,541 of 24,951
==64740==    at 0x483C855: malloc (vg_replace_malloc.c:381)
==64740==    by 0x134118: buf__grow (common.c:30)
==64740==    by 0x12F257: parse_stmt_select_case (parse.c:460)
==64740==    by 0x12F69E: parse_stmt_select (parse.c:489)
==64740==    by 0x12F92B: parse_stmt (parse.c:513)
==64740==    by 0x12FA10: parse_stmts (parse.c:526)
==64740==    by 0x12969B: parse_interpreter (interpret.c:105)
==64740==    by 0x12993F: interpret (interpret.c:132)
==64740==    by 0x112D9D: interpret_code (assumptions.c:34)
==64740==    by 0x113727: calcA (assumptions.c:148)
==64740==    by 0x12452F: get_premium (calculate.c:278)
==64740==    by 0x12491F: update_premiums (calculate.c:317)
==64740== 
{
   <insert_a_suppression_name_here>
   Memcheck:Leak
   match-leak-kinds: reachable
   fun:malloc
   fun:buf__grow
   fun:parse_stmt_select_case
   fun:parse_stmt_select
   fun:parse_stmt
   fun:parse_stmts
   fun:parse_interpreter
   fun:interpret
   fun:interpret_code
   fun:calcA
   fun:get_premium
   fun:update_premiums
}
==64740== 912 bytes in 1 blocks are still reachable in loss record 23,695 of 24,951
==64740==    at 0x483C855: malloc (vg_replace_malloc.c:381)
==64740==    by 0x134118: buf__grow (common.c:30)
==64740==    by 0x12F70B: parse_stmt_select (parse.c:490)
==64740==    by 0x12F92B: parse_stmt (parse.c:513)
==64740==    by 0x12FA10: parse_stmts (parse.c:526)
==64740==    by 0x12969B: parse_interpreter (interpret.c:105)
==64740==    by 0x12993F: interpret (interpret.c:132)
==64740==    by 0x112D9D: interpret_code (assumptions.c:34)
==64740==    by 0x113727: calcA (assumptions.c:148)
==64740==    by 0x12452F: get_premium (calculate.c:278)
==64740==    by 0x12491F: update_premiums (calculate.c:317)
==64740==    by 0x1106F0: runmember (main.c:93)
==64740== 
{
   <insert_a_suppression_name_here>
   Memcheck:Leak
   match-leak-kinds: reachable
   fun:malloc
   fun:buf__grow
   fun:parse_stmt_select
   fun:parse_stmt
   fun:parse_stmts
   fun:parse_interpreter
   fun:interpret
   fun:interpret_code
   fun:calcA
   fun:get_premium
   fun:update_premiums
   fun:runmember
}
==64740== 912 bytes in 1 blocks are still reachable in loss record 23,696 of 24,951
==64740==    at 0x483C855: malloc (vg_replace_malloc.c:381)
==64740==    by 0x134118: buf__grow (common.c:30)
==64740==    by 0x12F70B: parse_stmt_select (parse.c:490)
==64740==    by 0x12F92B: parse_stmt (parse.c:513)
==64740==    by 0x12FA10: parse_stmts (parse.c:526)
==64740==    by 0x12969B: parse_interpreter (interpret.c:105)
==64740==    by 0x12993F: interpret (interpret.c:132)
==64740==    by 0x112D9D: interpret_code (assumptions.c:34)
==64740==    by 0x113781: calcC (assumptions.c:155)
==64740==    by 0x12454A: get_premium (calculate.c:278)
==64740==    by 0x12491F: update_premiums (calculate.c:317)
==64740==    by 0x1106F0: runmember (main.c:93)
==64740== 
{
   <insert_a_suppression_name_here>
   Memcheck:Leak
   match-leak-kinds: reachable
   fun:malloc
   fun:buf__grow
   fun:parse_stmt_select
   fun:parse_stmt
   fun:parse_stmts
   fun:parse_interpreter
   fun:interpret
   fun:interpret_code
   fun:calcC
   fun:get_premium
   fun:update_premiums
   fun:runmember
}
==64740== 912 bytes in 1 blocks are possibly lost in loss record 23,711 of 24,951
==64740==    at 0x483C855: malloc (vg_replace_malloc.c:381)
==64740==    by 0x134118: buf__grow (common.c:30)
==64740==    by 0x12F70B: parse_stmt_select (parse.c:490)
==64740==    by 0x12F92B: parse_stmt (parse.c:513)
==64740==    by 0x12FA10: parse_stmts (parse.c:526)
==64740==    by 0x12969B: parse_interpreter (interpret.c:105)
==64740==    by 0x12993F: interpret (interpret.c:132)
==64740==    by 0x112D9D: interpret_code (assumptions.c:34)
==64740==    by 0x11387F: wxdef (assumptions.c:174)
==64740==    by 0x110B6C: runmember (main.c:123)
==64740==    by 0x120FA3: runtc (userrunhandlers.c:182)
==64740==    by 0x53ABAD0: ??? (in /usr/lib/x86_64-linux-gnu/libglib-2.0.so.0.6400.6)
==64740== 
{
   <insert_a_suppression_name_here>
   Memcheck:Leak
   match-leak-kinds: possible
   fun:malloc
   fun:buf__grow
   fun:parse_stmt_select
   fun:parse_stmt
   fun:parse_stmts
   fun:parse_interpreter
   fun:interpret
   fun:interpret_code
   fun:wxdef
   fun:runmember
   fun:runtc
   obj:/usr/lib/x86_64-linux-gnu/libglib-2.0.so.0.6400.6
}
==64740== 1,008 bytes in 7 blocks are possibly lost in loss record 23,812 of 24,951
==64740==    at 0x483C855: malloc (vg_replace_malloc.c:381)
==64740==    by 0x134118: buf__grow (common.c:30)
==64740==    by 0x131F0F: resolve_expr_call_default (resolve.c:686)
==64740==    by 0x132118: resolve_expr_call (resolve.c:707)
==64740==    by 0x132955: resolve_expected_expr (resolve.c:823)
==64740==    by 0x131229: resolve_expr (resolve.c:488)
==64740==    by 0x1324DF: resolve_expr_binary (resolve.c:763)
==64740==    by 0x132998: resolve_expected_expr (resolve.c:829)
==64740==    by 0x131229: resolve_expr (resolve.c:488)
==64740==    by 0x1324C8: resolve_expr_binary (resolve.c:762)
==64740==    by 0x132998: resolve_expected_expr (resolve.c:829)
==64740==    by 0x1328C8: resolve_expected_expr (resolve.c:810)
==64740== 
{
   <insert_a_suppression_name_here>
   Memcheck:Leak
   match-leak-kinds: possible
   fun:malloc
   fun:buf__grow
   fun:resolve_expr_call_default
   fun:resolve_expr_call
   fun:resolve_expected_expr
   fun:resolve_expr
   fun:resolve_expr_binary
   fun:resolve_expected_expr
   fun:resolve_expr
   fun:resolve_expr_binary
   fun:resolve_expected_expr
   fun:resolve_expected_expr
}
==64740== 1,024 bytes in 1 blocks are still reachable in loss record 23,838 of 24,951
==64740==    at 0x484147B: calloc (vg_replace_malloc.c:1328)
==64740==    by 0x134AD4: map_grow (common.c:153)
==64740==    by 0x134C28: map_put_uint64_from_uint64 (common.c:174)
==64740==    by 0x134E22: map_put_from_uint64 (common.c:213)
==64740==    by 0x13505F: str_intern_range (common.c:263)
==64740==    by 0x1350B4: str_intern (common.c:271)
==64740==    by 0x12FCD1: sym_get (resolve.c:69)
==64740==    by 0x12FD1B: sym_push_type (resolve.c:78)
==64740==    by 0x12C7D6: init_builtin_type (type.c:98)
==64740==    by 0x12C80E: init_builtin_types (type.c:105)
==64740==    by 0x1295CF: init_interpreter (interpret.c:77)
==64740==    by 0x12993A: interpret (interpret.c:131)
==64740== 
{
   <insert_a_suppression_name_here>
   Memcheck:Leak
   match-leak-kinds: reachable
   fun:calloc
   fun:map_grow
   fun:map_put_uint64_from_uint64
   fun:map_put_from_uint64
   fun:str_intern_range
   fun:str_intern
   fun:sym_get
   fun:sym_push_type
   fun:init_builtin_type
   fun:init_builtin_types
   fun:init_interpreter
   fun:interpret
}
==64740== 1,024 bytes in 1 blocks are still reachable in loss record 23,839 of 24,951
==64740==    at 0x483C855: malloc (vg_replace_malloc.c:381)
==64740==    by 0x134AE8: map_grow (common.c:154)
==64740==    by 0x134C28: map_put_uint64_from_uint64 (common.c:174)
==64740==    by 0x134E22: map_put_from_uint64 (common.c:213)
==64740==    by 0x13505F: str_intern_range (common.c:263)
==64740==    by 0x1350B4: str_intern (common.c:271)
==64740==    by 0x12FCD1: sym_get (resolve.c:69)
==64740==    by 0x12FD1B: sym_push_type (resolve.c:78)
==64740==    by 0x12C7D6: init_builtin_type (type.c:98)
==64740==    by 0x12C80E: init_builtin_types (type.c:105)
==64740==    by 0x1295CF: init_interpreter (interpret.c:77)
==64740==    by 0x12993A: interpret (interpret.c:131)
==64740== 
{
   <insert_a_suppression_name_here>
   Memcheck:Leak
   match-leak-kinds: reachable
   fun:malloc
   fun:map_grow
   fun:map_put_uint64_from_uint64
   fun:map_put_from_uint64
   fun:str_intern_range
   fun:str_intern
   fun:sym_get
   fun:sym_push_type
   fun:init_builtin_type
   fun:init_builtin_types
   fun:init_interpreter
   fun:interpret
}
==64740== 1,048 bytes in 1 blocks are still reachable in loss record 23,861 of 24,951
==64740==    at 0x484147B: calloc (vg_replace_malloc.c:1328)
==64740==    by 0x135BC8: jalloc (helperfunctions.c:116)
==64740==    by 0x11686F: newHashtable (hashtable.c:184)
==64740==    by 0x11F3F4: userinterface (userinterface.c:82)
==64740==    by 0x10FE4F: main (main.c:18)
==64740== 
{
   <insert_a_suppression_name_here>
   Memcheck:Leak
   match-leak-kinds: reachable
   fun:calloc
   fun:jalloc
   fun:newHashtable
   fun:userinterface
   fun:main
}
==64740== 1,048 bytes in 1 blocks are still reachable in loss record 23,862 of 24,951
==64740==    at 0x484147B: calloc (vg_replace_malloc.c:1328)
==64740==    by 0x135BC8: jalloc (helperfunctions.c:116)
==64740==    by 0x11686F: newHashtable (hashtable.c:184)
==64740==    by 0x11F40A: userinterface (userinterface.c:83)
==64740==    by 0x10FE4F: main (main.c:18)
==64740== 
{
   <insert_a_suppression_name_here>
   Memcheck:Leak
   match-leak-kinds: reachable
   fun:calloc
   fun:jalloc
   fun:newHashtable
   fun:userinterface
   fun:main
}
==64740== 1,600 bytes in 4 blocks are possibly lost in loss record 24,227 of 24,951
==64740==    at 0x483C855: malloc (vg_replace_malloc.c:381)
==64740==    by 0x134118: buf__grow (common.c:30)
==64740==    by 0x12F257: parse_stmt_select_case (parse.c:460)
==64740==    by 0x12F69E: parse_stmt_select (parse.c:489)
==64740==    by 0x12F92B: parse_stmt (parse.c:513)
==64740==    by 0x12FA10: parse_stmts (parse.c:526)
==64740==    by 0x12969B: parse_interpreter (interpret.c:105)
==64740==    by 0x12993F: interpret (interpret.c:132)
==64740==    by 0x112D9D: interpret_code (assumptions.c:34)
==64740==    by 0x1138D9: retx (assumptions.c:181)
==64740==    by 0x110CE8: runmember (main.c:130)
==64740==    by 0x120FA3: runtc (userrunhandlers.c:182)
==64740== 
{
   <insert_a_suppression_name_here>
   Memcheck:Leak
   match-leak-kinds: possible
   fun:malloc
   fun:buf__grow
   fun:parse_stmt_select_case
   fun:parse_stmt_select
   fun:parse_stmt
   fun:parse_stmts
   fun:parse_interpreter
   fun:interpret
   fun:interpret_code
   fun:retx
   fun:runmember
   fun:runtc
}
==64740== 1,824 bytes in 2 blocks are possibly lost in loss record 24,311 of 24,951
==64740==    at 0x483C855: malloc (vg_replace_malloc.c:381)
==64740==    by 0x134118: buf__grow (common.c:30)
==64740==    by 0x12F70B: parse_stmt_select (parse.c:490)
==64740==    by 0x12F92B: parse_stmt (parse.c:513)
==64740==    by 0x12FA10: parse_stmts (parse.c:526)
==64740==    by 0x12969B: parse_interpreter (interpret.c:105)
==64740==    by 0x12993F: interpret (interpret.c:132)
==64740==    by 0x112D9D: interpret_code (assumptions.c:34)
==64740==    by 0x1138D9: retx (assumptions.c:181)
==64740==    by 0x110CE8: runmember (main.c:130)
==64740==    by 0x120FA3: runtc (userrunhandlers.c:182)
==64740==    by 0x53ABAD0: ??? (in /usr/lib/x86_64-linux-gnu/libglib-2.0.so.0.6400.6)
==64740== 
{
   <insert_a_suppression_name_here>
   Memcheck:Leak
   match-leak-kinds: possible
   fun:malloc
   fun:buf__grow
   fun:parse_stmt_select
   fun:parse_stmt
   fun:parse_stmts
   fun:parse_interpreter
   fun:interpret
   fun:interpret_code
   fun:retx
   fun:runmember
   fun:runtc
   obj:/usr/lib/x86_64-linux-gnu/libglib-2.0.so.0.6400.6
}
==64740== 2,000 bytes in 5 blocks are indirectly lost in loss record 24,350 of 24,951
==64740==    at 0x483C855: malloc (vg_replace_malloc.c:381)
==64740==    by 0x134118: buf__grow (common.c:30)
==64740==    by 0x12F257: parse_stmt_select_case (parse.c:460)
==64740==    by 0x12F69E: parse_stmt_select (parse.c:489)
==64740==    by 0x12F92B: parse_stmt (parse.c:513)
==64740==    by 0x12FA10: parse_stmts (parse.c:526)
==64740==    by 0x12969B: parse_interpreter (interpret.c:105)
==64740==    by 0x12993F: interpret (interpret.c:132)
==64740==    by 0x112D9D: interpret_code (assumptions.c:34)
==64740==    by 0x113727: calcA (assumptions.c:148)
==64740==    by 0x111A37: init_cm (main.c:216)
==64740==    by 0x110169: runmember (main.c:59)
==64740== 
{
   <insert_a_suppression_name_here>
   Memcheck:Leak
   match-leak-kinds: indirect
   fun:malloc
   fun:buf__grow
   fun:parse_stmt_select_case
   fun:parse_stmt_select
   fun:parse_stmt
   fun:parse_stmts
   fun:parse_interpreter
   fun:interpret
   fun:interpret_code
   fun:calcA
   fun:init_cm
   fun:runmember
}
==64740== 2,000 bytes in 5 blocks are indirectly lost in loss record 24,351 of 24,951
==64740==    at 0x483C855: malloc (vg_replace_malloc.c:381)
==64740==    by 0x134118: buf__grow (common.c:30)
==64740==    by 0x12F257: parse_stmt_select_case (parse.c:460)
==64740==    by 0x12F69E: parse_stmt_select (parse.c:489)
==64740==    by 0x12F92B: parse_stmt (parse.c:513)
==64740==    by 0x12FA10: parse_stmts (parse.c:526)
==64740==    by 0x12969B: parse_interpreter (interpret.c:105)
==64740==    by 0x12993F: interpret (interpret.c:132)
==64740==    by 0x112D9D: interpret_code (assumptions.c:34)
==64740==    by 0x113781: calcC (assumptions.c:155)
==64740==    by 0x111A4F: init_cm (main.c:216)
==64740==    by 0x110169: runmember (main.c:59)
==64740== 
{
   <insert_a_suppression_name_here>
   Memcheck:Leak
   match-leak-kinds: indirect
   fun:malloc
   fun:buf__grow
   fun:parse_stmt_select_case
   fun:parse_stmt_select
   fun:parse_stmt
   fun:parse_stmts
   fun:parse_interpreter
   fun:interpret
   fun:interpret_code
   fun:calcC
   fun:init_cm
   fun:runmember
}
==64740== 2,736 bytes in 3 blocks are possibly lost in loss record 24,530 of 24,951
==64740==    at 0x483C855: malloc (vg_replace_malloc.c:381)
==64740==    by 0x134118: buf__grow (common.c:30)
==64740==    by 0x12F70B: parse_stmt_select (parse.c:490)
==64740==    by 0x12F92B: parse_stmt (parse.c:513)
==64740==    by 0x12F4B9: parse_stmt_select_case (parse.c:473)
==64740==    by 0x12F69E: parse_stmt_select (parse.c:489)
==64740==    by 0x12F92B: parse_stmt (parse.c:513)
==64740==    by 0x12FA10: parse_stmts (parse.c:526)
==64740==    by 0x12969B: parse_interpreter (interpret.c:105)
==64740==    by 0x12993F: interpret (interpret.c:132)
==64740==    by 0x112D9D: interpret_code (assumptions.c:34)
==64740==    by 0x113727: calcA (assumptions.c:148)
==64740== 
{
   <insert_a_suppression_name_here>
   Memcheck:Leak
   match-leak-kinds: possible
   fun:malloc
   fun:buf__grow
   fun:parse_stmt_select
   fun:parse_stmt
   fun:parse_stmt_select_case
   fun:parse_stmt_select
   fun:parse_stmt
   fun:parse_stmts
   fun:parse_interpreter
   fun:interpret
   fun:interpret_code
   fun:calcA
}
==64740== 2,912 (912 direct, 2,000 indirect) bytes in 1 blocks are definitely lost in loss record 24,547 of 24,951
==64740==    at 0x483C855: malloc (vg_replace_malloc.c:381)
==64740==    by 0x134118: buf__grow (common.c:30)
==64740==    by 0x12F70B: parse_stmt_select (parse.c:490)
==64740==    by 0x12F92B: parse_stmt (parse.c:513)
==64740==    by 0x12FA10: parse_stmts (parse.c:526)
==64740==    by 0x12969B: parse_interpreter (interpret.c:105)
==64740==    by 0x12993F: interpret (interpret.c:132)
==64740==    by 0x112D9D: interpret_code (assumptions.c:34)
==64740==    by 0x113727: calcA (assumptions.c:148)
==64740==    by 0x111A37: init_cm (main.c:216)
==64740==    by 0x110169: runmember (main.c:59)
==64740==    by 0x120FA3: runtc (userrunhandlers.c:182)
==64740== 
{
   <insert_a_suppression_name_here>
   Memcheck:Leak
   match-leak-kinds: definite
   fun:malloc
   fun:buf__grow
   fun:parse_stmt_select
   fun:parse_stmt
   fun:parse_stmts
   fun:parse_interpreter
   fun:interpret
   fun:interpret_code
   fun:calcA
   fun:init_cm
   fun:runmember
   fun:runtc
}
==64740== 2,912 (912 direct, 2,000 indirect) bytes in 1 blocks are definitely lost in loss record 24,548 of 24,951
==64740==    at 0x483C855: malloc (vg_replace_malloc.c:381)
==64740==    by 0x134118: buf__grow (common.c:30)
==64740==    by 0x12F70B: parse_stmt_select (parse.c:490)
==64740==    by 0x12F92B: parse_stmt (parse.c:513)
==64740==    by 0x12FA10: parse_stmts (parse.c:526)
==64740==    by 0x12969B: parse_interpreter (interpret.c:105)
==64740==    by 0x12993F: interpret (interpret.c:132)
==64740==    by 0x112D9D: interpret_code (assumptions.c:34)
==64740==    by 0x113781: calcC (assumptions.c:155)
==64740==    by 0x111A4F: init_cm (main.c:216)
==64740==    by 0x110169: runmember (main.c:59)
==64740==    by 0x120FA3: runtc (userrunhandlers.c:182)
==64740== 
{
   <insert_a_suppression_name_here>
   Memcheck:Leak
   match-leak-kinds: definite
   fun:malloc
   fun:buf__grow
   fun:parse_stmt_select
   fun:parse_stmt
   fun:parse_stmts
   fun:parse_interpreter
   fun:interpret
   fun:interpret_code
   fun:calcC
   fun:init_cm
   fun:runmember
   fun:runtc
}
==64740== 4,560 bytes in 5 blocks are possibly lost in loss record 24,683 of 24,951
==64740==    at 0x483C855: malloc (vg_replace_malloc.c:381)
==64740==    by 0x134118: buf__grow (common.c:30)
==64740==    by 0x12F70B: parse_stmt_select (parse.c:490)
==64740==    by 0x12F92B: parse_stmt (parse.c:513)
==64740==    by 0x12F4B9: parse_stmt_select_case (parse.c:473)
==64740==    by 0x12F69E: parse_stmt_select (parse.c:489)
==64740==    by 0x12F92B: parse_stmt (parse.c:513)
==64740==    by 0x12FA10: parse_stmts (parse.c:526)
==64740==    by 0x12969B: parse_interpreter (interpret.c:105)
==64740==    by 0x12993F: interpret (interpret.c:132)
==64740==    by 0x112D9D: interpret_code (assumptions.c:34)
==64740==    by 0x113781: calcC (assumptions.c:155)
==64740== 
{
   <insert_a_suppression_name_here>
   Memcheck:Leak
   match-leak-kinds: possible
   fun:malloc
   fun:buf__grow
   fun:parse_stmt_select
   fun:parse_stmt
   fun:parse_stmt_select_case
   fun:parse_stmt_select
   fun:parse_stmt
   fun:parse_stmts
   fun:parse_interpreter
   fun:interpret
   fun:interpret_code
   fun:calcC
}
==64740== 4,560 bytes in 5 blocks are possibly lost in loss record 24,684 of 24,951
==64740==    at 0x483C855: malloc (vg_replace_malloc.c:381)
==64740==    by 0x134118: buf__grow (common.c:30)
==64740==    by 0x12F70B: parse_stmt_select (parse.c:490)
==64740==    by 0x12F92B: parse_stmt (parse.c:513)
==64740==    by 0x12FA10: parse_stmts (parse.c:526)
==64740==    by 0x12969B: parse_interpreter (interpret.c:105)
==64740==    by 0x12993F: interpret (interpret.c:132)
==64740==    by 0x112D9D: interpret_code (assumptions.c:34)
==64740==    by 0x113727: calcA (assumptions.c:148)
==64740==    by 0x12452F: get_premium (calculate.c:278)
==64740==    by 0x12491F: update_premiums (calculate.c:317)
==64740==    by 0x1106F0: runmember (main.c:93)
==64740== 
{
   <insert_a_suppression_name_here>
   Memcheck:Leak
   match-leak-kinds: possible
   fun:malloc
   fun:buf__grow
   fun:parse_stmt_select
   fun:parse_stmt
   fun:parse_stmts
   fun:parse_interpreter
   fun:interpret
   fun:interpret_code
   fun:calcA
   fun:get_premium
   fun:update_premiums
   fun:runmember
}
==64740== 8,208 bytes in 9 blocks are possibly lost in loss record 24,804 of 24,951
==64740==    at 0x483C855: malloc (vg_replace_malloc.c:381)
==64740==    by 0x134118: buf__grow (common.c:30)
==64740==    by 0x12F70B: parse_stmt_select (parse.c:490)
==64740==    by 0x12F92B: parse_stmt (parse.c:513)
==64740==    by 0x12FA10: parse_stmts (parse.c:526)
==64740==    by 0x12969B: parse_interpreter (interpret.c:105)
==64740==    by 0x12993F: interpret (interpret.c:132)
==64740==    by 0x112D9D: interpret_code (assumptions.c:34)
==64740==    by 0x113781: calcC (assumptions.c:155)
==64740==    by 0x12454A: get_premium (calculate.c:278)
==64740==    by 0x12491F: update_premiums (calculate.c:317)
==64740==    by 0x1106F0: runmember (main.c:93)
==64740== 
{
   <insert_a_suppression_name_here>
   Memcheck:Leak
   match-leak-kinds: possible
   fun:malloc
   fun:buf__grow
   fun:parse_stmt_select
   fun:parse_stmt
   fun:parse_stmts
   fun:parse_interpreter
   fun:interpret
   fun:interpret_code
   fun:calcC
   fun:get_premium
   fun:update_premiums
   fun:runmember
}
==64740== 9,200 bytes in 23 blocks are possibly lost in loss record 24,814 of 24,951
==64740==    at 0x483C855: malloc (vg_replace_malloc.c:381)
==64740==    by 0x134118: buf__grow (common.c:30)
==64740==    by 0x12F257: parse_stmt_select_case (parse.c:460)
==64740==    by 0x12F69E: parse_stmt_select (parse.c:489)
==64740==    by 0x12F92B: parse_stmt (parse.c:513)
==64740==    by 0x12F4B9: parse_stmt_select_case (parse.c:473)
==64740==    by 0x12F69E: parse_stmt_select (parse.c:489)
==64740==    by 0x12F92B: parse_stmt (parse.c:513)
==64740==    by 0x12FA10: parse_stmts (parse.c:526)
==64740==    by 0x12969B: parse_interpreter (interpret.c:105)
==64740==    by 0x12993F: interpret (interpret.c:132)
==64740==    by 0x112D9D: interpret_code (assumptions.c:34)
==64740== 
{
   <insert_a_suppression_name_here>
   Memcheck:Leak
   match-leak-kinds: possible
   fun:malloc
   fun:buf__grow
   fun:parse_stmt_select_case
   fun:parse_stmt_select
   fun:parse_stmt
   fun:parse_stmt_select_case
   fun:parse_stmt_select
   fun:parse_stmt
   fun:parse_stmts
   fun:parse_interpreter
   fun:interpret
   fun:interpret_code
}
==64740== 17,600 bytes in 44 blocks are possibly lost in loss record 24,872 of 24,951
==64740==    at 0x483C855: malloc (vg_replace_malloc.c:381)
==64740==    by 0x134118: buf__grow (common.c:30)
==64740==    by 0x12F257: parse_stmt_select_case (parse.c:460)
==64740==    by 0x12F69E: parse_stmt_select (parse.c:489)
==64740==    by 0x12F92B: parse_stmt (parse.c:513)
==64740==    by 0x12FA10: parse_stmts (parse.c:526)
==64740==    by 0x12969B: parse_interpreter (interpret.c:105)
==64740==    by 0x12993F: interpret (interpret.c:132)
==64740==    by 0x112D9D: interpret_code (assumptions.c:34)
==64740==    by 0x113727: calcA (assumptions.c:148)
==64740==    by 0x12452F: get_premium (calculate.c:278)
==64740==    by 0x12491F: update_premiums (calculate.c:317)
==64740== 
{
   <insert_a_suppression_name_here>
   Memcheck:Leak
   match-leak-kinds: possible
   fun:malloc
   fun:buf__grow
   fun:parse_stmt_select_case
   fun:parse_stmt_select
   fun:parse_stmt
   fun:parse_stmts
   fun:parse_interpreter
   fun:interpret
   fun:interpret_code
   fun:calcA
   fun:get_premium
   fun:update_premiums
}
==64740== 22,400 bytes in 56 blocks are possibly lost in loss record 24,889 of 24,951
==64740==    at 0x483C855: malloc (vg_replace_malloc.c:381)
==64740==    by 0x134118: buf__grow (common.c:30)
==64740==    by 0x12F257: parse_stmt_select_case (parse.c:460)
==64740==    by 0x12F69E: parse_stmt_select (parse.c:489)
==64740==    by 0x12F92B: parse_stmt (parse.c:513)
==64740==    by 0x12FA10: parse_stmts (parse.c:526)
==64740==    by 0x12969B: parse_interpreter (interpret.c:105)
==64740==    by 0x12993F: interpret (interpret.c:132)
==64740==    by 0x112D9D: interpret_code (assumptions.c:34)
==64740==    by 0x113781: calcC (assumptions.c:155)
==64740==    by 0x12454A: get_premium (calculate.c:278)
==64740==    by 0x12491F: update_premiums (calculate.c:317)
==64740== 
{
   <insert_a_suppression_name_here>
   Memcheck:Leak
   match-leak-kinds: possible
   fun:malloc
   fun:buf__grow
   fun:parse_stmt_select_case
   fun:parse_stmt_select
   fun:parse_stmt
   fun:parse_stmts
   fun:parse_interpreter
   fun:interpret
   fun:interpret_code
   fun:calcC
   fun:get_premium
   fun:update_premiums
}
==64740== 25,200 bytes in 63 blocks are indirectly lost in loss record 24,898 of 24,951
==64740==    at 0x483C855: malloc (vg_replace_malloc.c:381)
==64740==    by 0x134118: buf__grow (common.c:30)
==64740==    by 0x12F257: parse_stmt_select_case (parse.c:460)
==64740==    by 0x12F69E: parse_stmt_select (parse.c:489)
==64740==    by 0x12F92B: parse_stmt (parse.c:513)
==64740==    by 0x12FA10: parse_stmts (parse.c:526)
==64740==    by 0x12969B: parse_interpreter (interpret.c:105)
==64740==    by 0x12993F: interpret (interpret.c:132)
==64740==    by 0x112D9D: interpret_code (assumptions.c:34)
==64740==    by 0x11387F: wxdef (assumptions.c:174)
==64740==    by 0x110B6C: runmember (main.c:123)
==64740==    by 0x120FA3: runtc (userrunhandlers.c:182)
==64740== 
{
   <insert_a_suppression_name_here>
   Memcheck:Leak
   match-leak-kinds: indirect
   fun:malloc
   fun:buf__grow
   fun:parse_stmt_select_case
   fun:parse_stmt_select
   fun:parse_stmt
   fun:parse_stmts
   fun:parse_interpreter
   fun:interpret
   fun:interpret_code
   fun:wxdef
   fun:runmember
   fun:runtc
}
==64740== 49,600 bytes in 124 blocks are indirectly lost in loss record 24,920 of 24,951
==64740==    at 0x483C855: malloc (vg_replace_malloc.c:381)
==64740==    by 0x134118: buf__grow (common.c:30)
==64740==    by 0x12F257: parse_stmt_select_case (parse.c:460)
==64740==    by 0x12F69E: parse_stmt_select (parse.c:489)
==64740==    by 0x12F92B: parse_stmt (parse.c:513)
==64740==    by 0x12FA10: parse_stmts (parse.c:526)
==64740==    by 0x12969B: parse_interpreter (interpret.c:105)
==64740==    by 0x12993F: interpret (interpret.c:132)
==64740==    by 0x112D9D: interpret_code (assumptions.c:34)
==64740==    by 0x1138D9: retx (assumptions.c:181)
==64740==    by 0x110CE8: runmember (main.c:130)
==64740==    by 0x120FA3: runtc (userrunhandlers.c:182)
==64740== 
{
   <insert_a_suppression_name_here>
   Memcheck:Leak
   match-leak-kinds: indirect
   fun:malloc
   fun:buf__grow
   fun:parse_stmt_select_case
   fun:parse_stmt_select
   fun:parse_stmt
   fun:parse_stmts
   fun:parse_interpreter
   fun:interpret
   fun:interpret_code
   fun:retx
   fun:runmember
   fun:runtc
}
==64740== 73,584 bytes in 511 blocks are definitely lost in loss record 24,925 of 24,951
==64740==    at 0x483C855: malloc (vg_replace_malloc.c:381)
==64740==    by 0x134118: buf__grow (common.c:30)
==64740==    by 0x131F0F: resolve_expr_call_default (resolve.c:686)
==64740==    by 0x132118: resolve_expr_call (resolve.c:707)
==64740==    by 0x132955: resolve_expected_expr (resolve.c:823)
==64740==    by 0x131229: resolve_expr (resolve.c:488)
==64740==    by 0x1324C8: resolve_expr_binary (resolve.c:762)
==64740==    by 0x132998: resolve_expected_expr (resolve.c:829)
==64740==    by 0x131DF7: resolve_expr_call_default (resolve.c:677)
==64740==    by 0x132118: resolve_expr_call (resolve.c:707)
==64740==    by 0x132955: resolve_expected_expr (resolve.c:823)
==64740==    by 0x131229: resolve_expr (resolve.c:488)
==64740== 
{
   <insert_a_suppression_name_here>
   Memcheck:Leak
   match-leak-kinds: definite
   fun:malloc
   fun:buf__grow
   fun:resolve_expr_call_default
   fun:resolve_expr_call
   fun:resolve_expected_expr
   fun:resolve_expr
   fun:resolve_expr_binary
   fun:resolve_expected_expr
   fun:resolve_expr_call_default
   fun:resolve_expr_call
   fun:resolve_expected_expr
   fun:resolve_expr
}
==64740== 73,728 bytes in 512 blocks are definitely lost in loss record 24,926 of 24,951
==64740==    at 0x483C855: malloc (vg_replace_malloc.c:381)
==64740==    by 0x134118: buf__grow (common.c:30)
==64740==    by 0x131F0F: resolve_expr_call_default (resolve.c:686)
==64740==    by 0x132118: resolve_expr_call (resolve.c:707)
==64740==    by 0x132955: resolve_expected_expr (resolve.c:823)
==64740==    by 0x131229: resolve_expr (resolve.c:488)
==64740==    by 0x1324DF: resolve_expr_binary (resolve.c:763)
==64740==    by 0x132998: resolve_expected_expr (resolve.c:829)
==64740==    by 0x131229: resolve_expr (resolve.c:488)
==64740==    by 0x1324C8: resolve_expr_binary (resolve.c:762)
==64740==    by 0x132998: resolve_expected_expr (resolve.c:829)
==64740==    by 0x132C99: resolve_stmt_assign (resolve.c:879)
==64740== 
{
   <insert_a_suppression_name_here>
   Memcheck:Leak
   match-leak-kinds: definite
   fun:malloc
   fun:buf__grow
   fun:resolve_expr_call_default
   fun:resolve_expr_call
   fun:resolve_expected_expr
   fun:resolve_expr
   fun:resolve_expr_binary
   fun:resolve_expected_expr
   fun:resolve_expr
   fun:resolve_expr_binary
   fun:resolve_expected_expr
   fun:resolve_stmt_assign
}
==64740== 82,656 (57,456 direct, 25,200 indirect) bytes in 63 blocks are definitely lost in loss record 24,927 of 24,951
==64740==    at 0x483C855: malloc (vg_replace_malloc.c:381)
==64740==    by 0x134118: buf__grow (common.c:30)
==64740==    by 0x12F70B: parse_stmt_select (parse.c:490)
==64740==    by 0x12F92B: parse_stmt (parse.c:513)
==64740==    by 0x12FA10: parse_stmts (parse.c:526)
==64740==    by 0x12969B: parse_interpreter (interpret.c:105)
==64740==    by 0x12993F: interpret (interpret.c:132)
==64740==    by 0x112D9D: interpret_code (assumptions.c:34)
==64740==    by 0x11387F: wxdef (assumptions.c:174)
==64740==    by 0x110B6C: runmember (main.c:123)
==64740==    by 0x120FA3: runtc (userrunhandlers.c:182)
==64740==    by 0x53ABAD0: ??? (in /usr/lib/x86_64-linux-gnu/libglib-2.0.so.0.6400.6)
==64740== 
{
   <insert_a_suppression_name_here>
   Memcheck:Leak
   match-leak-kinds: definite
   fun:malloc
   fun:buf__grow
   fun:parse_stmt_select
   fun:parse_stmt
   fun:parse_stmts
   fun:parse_interpreter
   fun:interpret
   fun:interpret_code
   fun:wxdef
   fun:runmember
   fun:runtc
   obj:/usr/lib/x86_64-linux-gnu/libglib-2.0.so.0.6400.6
}
==64740== 106,144 (56,544 direct, 49,600 indirect) bytes in 62 blocks are definitely lost in loss record 24,930 of 24,951
==64740==    at 0x483C855: malloc (vg_replace_malloc.c:381)
==64740==    by 0x134118: buf__grow (common.c:30)
==64740==    by 0x12F70B: parse_stmt_select (parse.c:490)
==64740==    by 0x12F92B: parse_stmt (parse.c:513)
==64740==    by 0x12FA10: parse_stmts (parse.c:526)
==64740==    by 0x12969B: parse_interpreter (interpret.c:105)
==64740==    by 0x12993F: interpret (interpret.c:132)
==64740==    by 0x112D9D: interpret_code (assumptions.c:34)
==64740==    by 0x1138D9: retx (assumptions.c:181)
==64740==    by 0x110CE8: runmember (main.c:130)
==64740==    by 0x120FA3: runtc (userrunhandlers.c:182)
==64740==    by 0x53ABAD0: ??? (in /usr/lib/x86_64-linux-gnu/libglib-2.0.so.0.6400.6)
==64740== 
{
   <insert_a_suppression_name_here>
   Memcheck:Leak
   match-leak-kinds: definite
   fun:malloc
   fun:buf__grow
   fun:parse_stmt_select
   fun:parse_stmt
   fun:parse_stmts
   fun:parse_interpreter
   fun:interpret
   fun:interpret_code
   fun:retx
   fun:runmember
   fun:runtc
   obj:/usr/lib/x86_64-linux-gnu/libglib-2.0.so.0.6400.6
}
==64740== 811,440 bytes in 5,635 blocks are definitely lost in loss record 24,940 of 24,951
==64740==    at 0x483C855: malloc (vg_replace_malloc.c:381)
==64740==    by 0x134118: buf__grow (common.c:30)
==64740==    by 0x131F0F: resolve_expr_call_default (resolve.c:686)
==64740==    by 0x132118: resolve_expr_call (resolve.c:707)
==64740==    by 0x132955: resolve_expected_expr (resolve.c:823)
==64740==    by 0x131229: resolve_expr (resolve.c:488)
==64740==    by 0x1324DF: resolve_expr_binary (resolve.c:763)
==64740==    by 0x132998: resolve_expected_expr (resolve.c:829)
==64740==    by 0x131229: resolve_expr (resolve.c:488)
==64740==    by 0x1324C8: resolve_expr_binary (resolve.c:762)
==64740==    by 0x132998: resolve_expected_expr (resolve.c:829)
==64740==    by 0x1328C8: resolve_expected_expr (resolve.c:810)
==64740== 
{
   <insert_a_suppression_name_here>
   Memcheck:Leak
   match-leak-kinds: definite
   fun:malloc
   fun:buf__grow
   fun:resolve_expr_call_default
   fun:resolve_expr_call
   fun:resolve_expected_expr
   fun:resolve_expr
   fun:resolve_expr_binary
   fun:resolve_expected_expr
   fun:resolve_expr
   fun:resolve_expr_binary
   fun:resolve_expected_expr
   fun:resolve_expected_expr
}
==64740== 811,440 bytes in 5,635 blocks are definitely lost in loss record 24,941 of 24,951
==64740==    at 0x483C855: malloc (vg_replace_malloc.c:381)
==64740==    by 0x134118: buf__grow (common.c:30)
==64740==    by 0x131F0F: resolve_expr_call_default (resolve.c:686)
==64740==    by 0x132118: resolve_expr_call (resolve.c:707)
==64740==    by 0x132955: resolve_expected_expr (resolve.c:823)
==64740==    by 0x131229: resolve_expr (resolve.c:488)
==64740==    by 0x1324DF: resolve_expr_binary (resolve.c:763)
==64740==    by 0x132998: resolve_expected_expr (resolve.c:829)
==64740==    by 0x131229: resolve_expr (resolve.c:488)
==64740==    by 0x1324DF: resolve_expr_binary (resolve.c:763)
==64740==    by 0x132998: resolve_expected_expr (resolve.c:829)
==64740==    by 0x1328C8: resolve_expected_expr (resolve.c:810)
==64740== 
{
   <insert_a_suppression_name_here>
   Memcheck:Leak
   match-leak-kinds: definite
   fun:malloc
   fun:buf__grow
   fun:resolve_expr_call_default
   fun:resolve_expr_call
   fun:resolve_expected_expr
   fun:resolve_expr
   fun:resolve_expr_binary
   fun:resolve_expected_expr
   fun:resolve_expr
   fun:resolve_expr_binary
   fun:resolve_expected_expr
   fun:resolve_expected_expr
}
==64740== 869,296 (463,296 direct, 406,000 indirect) bytes in 508 blocks are definitely lost in loss record 24,942 of 24,951
==64740==    at 0x483C855: malloc (vg_replace_malloc.c:381)
==64740==    by 0x134118: buf__grow (common.c:30)
==64740==    by 0x12F70B: parse_stmt_select (parse.c:490)
==64740==    by 0x12F92B: parse_stmt (parse.c:513)
==64740==    by 0x12F4B9: parse_stmt_select_case (parse.c:473)
==64740==    by 0x12F69E: parse_stmt_select (parse.c:489)
==64740==    by 0x12F92B: parse_stmt (parse.c:513)
==64740==    by 0x12FA10: parse_stmts (parse.c:526)
==64740==    by 0x12969B: parse_interpreter (interpret.c:105)
==64740==    by 0x12993F: interpret (interpret.c:132)
==64740==    by 0x112D9D: interpret_code (assumptions.c:34)
==64740==    by 0x113781: calcC (assumptions.c:155)
==64740== 
{
   <insert_a_suppression_name_here>
   Memcheck:Leak
   match-leak-kinds: definite
   fun:malloc
   fun:buf__grow
   fun:parse_stmt_select
   fun:parse_stmt
   fun:parse_stmt_select_case
   fun:parse_stmt_select
   fun:parse_stmt
   fun:parse_stmts
   fun:parse_interpreter
   fun:interpret
   fun:interpret_code
   fun:calcC
}
==64740== 1,001,600 bytes in 2,504 blocks are indirectly lost in loss record 24,944 of 24,951
==64740==    at 0x483C855: malloc (vg_replace_malloc.c:381)
==64740==    by 0x134118: buf__grow (common.c:30)
==64740==    by 0x12F257: parse_stmt_select_case (parse.c:460)
==64740==    by 0x12F69E: parse_stmt_select (parse.c:489)
==64740==    by 0x12F92B: parse_stmt (parse.c:513)
==64740==    by 0x12FA10: parse_stmts (parse.c:526)
==64740==    by 0x12969B: parse_interpreter (interpret.c:105)
==64740==    by 0x12993F: interpret (interpret.c:132)
==64740==    by 0x112D9D: interpret_code (assumptions.c:34)
==64740==    by 0x113781: calcC (assumptions.c:155)
==64740==    by 0x12454A: get_premium (calculate.c:278)
==64740==    by 0x12491F: update_premiums (calculate.c:317)
==64740== 
{
   <insert_a_suppression_name_here>
   Memcheck:Leak
   match-leak-kinds: indirect
   fun:malloc
   fun:buf__grow
   fun:parse_stmt_select_case
   fun:parse_stmt_select
   fun:parse_stmt
   fun:parse_stmts
   fun:parse_interpreter
   fun:interpret
   fun:interpret_code
   fun:calcC
   fun:get_premium
   fun:update_premiums
}
==64740== 1,048,576 bytes in 1 blocks are still reachable in loss record 24,945 of 24,951
==64740==    at 0x483C855: malloc (vg_replace_malloc.c:381)
==64740==    by 0x1344A5: arena_grow (common.c:60)
==64740==    by 0x134656: arena_alloc (common.c:72)
==64740==    by 0x135000: str_intern_range (common.c:257)
==64740==    by 0x1350B4: str_intern (common.c:271)
==64740==    by 0x129355: add_builtin_var (interpret.c:27)
==64740==    by 0x129562: add_builtin_double (interpret.c:65)
==64740==    by 0x112C3D: add_builtin_vars (assumptions.c:17)
==64740==    by 0x112D0A: interpret_code (assumptions.c:29)
==64740==    by 0x113727: calcA (assumptions.c:148)
==64740==    by 0x111A37: init_cm (main.c:216)
==64740==    by 0x110169: runmember (main.c:59)
==64740== 
{
   <insert_a_suppression_name_here>
   Memcheck:Leak
   match-leak-kinds: reachable
   fun:malloc
   fun:arena_grow
   fun:arena_alloc
   fun:str_intern_range
   fun:str_intern
   fun:add_builtin_var
   fun:add_builtin_double
   fun:add_builtin_vars
   fun:interpret_code
   fun:calcA
   fun:init_cm
   fun:runmember
}
==64740== 1,210,400 bytes in 3,026 blocks are indirectly lost in loss record 24,946 of 24,951
==64740==    at 0x483C855: malloc (vg_replace_malloc.c:381)
==64740==    by 0x134118: buf__grow (common.c:30)
==64740==    by 0x12F257: parse_stmt_select_case (parse.c:460)
==64740==    by 0x12F69E: parse_stmt_select (parse.c:489)
==64740==    by 0x12F92B: parse_stmt (parse.c:513)
==64740==    by 0x12FA10: parse_stmts (parse.c:526)
==64740==    by 0x12969B: parse_interpreter (interpret.c:105)
==64740==    by 0x12993F: interpret (interpret.c:132)
==64740==    by 0x112D9D: interpret_code (assumptions.c:34)
==64740==    by 0x113727: calcA (assumptions.c:148)
==64740==    by 0x12452F: get_premium (calculate.c:278)
==64740==    by 0x12491F: update_premiums (calculate.c:317)
==64740== 
{
   <insert_a_suppression_name_here>
   Memcheck:Leak
   match-leak-kinds: indirect
   fun:malloc
   fun:buf__grow
   fun:parse_stmt_select_case
   fun:parse_stmt_select
   fun:parse_stmt
   fun:parse_stmts
   fun:parse_interpreter
   fun:interpret
   fun:interpret_code
   fun:calcA
   fun:get_premium
   fun:update_premiums
}
==64740== 1,221,600 bytes in 3,054 blocks are indirectly lost in loss record 24,947 of 24,951
==64740==    at 0x483C855: malloc (vg_replace_malloc.c:381)
==64740==    by 0x134118: buf__grow (common.c:30)
==64740==    by 0x12F257: parse_stmt_select_case (parse.c:460)
==64740==    by 0x12F69E: parse_stmt_select (parse.c:489)
==64740==    by 0x12F92B: parse_stmt (parse.c:513)
==64740==    by 0x12F4B9: parse_stmt_select_case (parse.c:473)
==64740==    by 0x12F69E: parse_stmt_select (parse.c:489)
==64740==    by 0x12F92B: parse_stmt (parse.c:513)
==64740==    by 0x12FA10: parse_stmts (parse.c:526)
==64740==    by 0x12969B: parse_interpreter (interpret.c:105)
==64740==    by 0x12993F: interpret (interpret.c:132)
==64740==    by 0x112D9D: interpret_code (assumptions.c:34)
==64740== 
{
   <insert_a_suppression_name_here>
   Memcheck:Leak
   match-leak-kinds: indirect
   fun:malloc
   fun:buf__grow
   fun:parse_stmt_select_case
   fun:parse_stmt_select
   fun:parse_stmt
   fun:parse_stmt_select_case
   fun:parse_stmt_select
   fun:parse_stmt
   fun:parse_stmts
   fun:parse_interpreter
   fun:interpret
   fun:interpret_code
}
==64740== 1,459,424 (457,824 direct, 1,001,600 indirect) bytes in 502 blocks are definitely lost in loss record 24,948 of 24,951
==64740==    at 0x483C855: malloc (vg_replace_malloc.c:381)
==64740==    by 0x134118: buf__grow (common.c:30)
==64740==    by 0x12F70B: parse_stmt_select (parse.c:490)
==64740==    by 0x12F92B: parse_stmt (parse.c:513)
==64740==    by 0x12FA10: parse_stmts (parse.c:526)
==64740==    by 0x12969B: parse_interpreter (interpret.c:105)
==64740==    by 0x12993F: interpret (interpret.c:132)
==64740==    by 0x112D9D: interpret_code (assumptions.c:34)
==64740==    by 0x113781: calcC (assumptions.c:155)
==64740==    by 0x12454A: get_premium (calculate.c:278)
==64740==    by 0x12491F: update_premiums (calculate.c:317)
==64740==    by 0x1106F0: runmember (main.c:93)
==64740== 
{
   <insert_a_suppression_name_here>
   Memcheck:Leak
   match-leak-kinds: definite
   fun:malloc
   fun:buf__grow
   fun:parse_stmt_select
   fun:parse_stmt
   fun:parse_stmts
   fun:parse_interpreter
   fun:interpret
   fun:interpret_code
   fun:calcC
   fun:get_premium
   fun:update_premiums
   fun:runmember
}
==64740== 1,671,872 (461,472 direct, 1,210,400 indirect) bytes in 506 blocks are definitely lost in loss record 24,949 of 24,951
==64740==    at 0x483C855: malloc (vg_replace_malloc.c:381)
==64740==    by 0x134118: buf__grow (common.c:30)
==64740==    by 0x12F70B: parse_stmt_select (parse.c:490)
==64740==    by 0x12F92B: parse_stmt (parse.c:513)
==64740==    by 0x12FA10: parse_stmts (parse.c:526)
==64740==    by 0x12969B: parse_interpreter (interpret.c:105)
==64740==    by 0x12993F: interpret (interpret.c:132)
==64740==    by 0x112D9D: interpret_code (assumptions.c:34)
==64740==    by 0x113727: calcA (assumptions.c:148)
==64740==    by 0x12452F: get_premium (calculate.c:278)
==64740==    by 0x12491F: update_premiums (calculate.c:317)
==64740==    by 0x1106F0: runmember (main.c:93)
==64740== 
{
   <insert_a_suppression_name_here>
   Memcheck:Leak
   match-leak-kinds: definite
   fun:malloc
   fun:buf__grow
   fun:parse_stmt_select
   fun:parse_stmt
   fun:parse_stmts
   fun:parse_interpreter
   fun:interpret
   fun:interpret_code
   fun:calcA
   fun:get_premium
   fun:update_premiums
   fun:runmember
}
==64740== 1,748,576 (932,976 direct, 815,600 indirect) bytes in 1,023 blocks are definitely lost in loss record 24,950 of 24,951
==64740==    at 0x483C855: malloc (vg_replace_malloc.c:381)
==64740==    by 0x134118: buf__grow (common.c:30)
==64740==    by 0x12F70B: parse_stmt_select (parse.c:490)
==64740==    by 0x12F92B: parse_stmt (parse.c:513)
==64740==    by 0x12F4B9: parse_stmt_select_case (parse.c:473)
==64740==    by 0x12F69E: parse_stmt_select (parse.c:489)
==64740==    by 0x12F92B: parse_stmt (parse.c:513)
==64740==    by 0x12FA10: parse_stmts (parse.c:526)
==64740==    by 0x12969B: parse_interpreter (interpret.c:105)
==64740==    by 0x12993F: interpret (interpret.c:132)
==64740==    by 0x112D9D: interpret_code (assumptions.c:34)
==64740==    by 0x113727: calcA (assumptions.c:148)
==64740== 
{
   <insert_a_suppression_name_here>
   Memcheck:Leak
   match-leak-kinds: definite
   fun:malloc
   fun:buf__grow
   fun:parse_stmt_select
   fun:parse_stmt
   fun:parse_stmt_select_case
   fun:parse_stmt_select
   fun:parse_stmt
   fun:parse_stmts
   fun:parse_interpreter
   fun:interpret
   fun:interpret_code
   fun:calcA
}
==64740== 75,833,360 bytes in 1 blocks are possibly lost in loss record 24,951 of 24,951
==64740==    at 0x48416C6: realloc (vg_replace_malloc.c:1437)
==64740==    by 0x134106: buf__grow (common.c:28)
==64740==    by 0x114E41: create_members (DCProgram.c:195)
==64740==    by 0x120EA0: runtc (userrunhandlers.c:165)
==64740==    by 0x53ABAD0: ??? (in /usr/lib/x86_64-linux-gnu/libglib-2.0.so.0.6400.6)
==64740==    by 0x60FA608: start_thread (pthread_create.c:477)
==64740==    by 0x5732162: clone (clone.S:95)
==64740== 
{
   <insert_a_suppression_name_here>
   Memcheck:Leak
   match-leak-kinds: possible
   fun:realloc
   fun:buf__grow
   fun:create_members
   fun:runtc
   obj:/usr/lib/x86_64-linux-gnu/libglib-2.0.so.0.6400.6
   fun:start_thread
   fun:clone
}
==64740== LEAK SUMMARY:
==64740==    definitely lost: 4,201,584 bytes in 14,959 blocks
==64740==    indirectly lost: 3,512,400 bytes in 8,781 blocks
==64740==      possibly lost: 75,910,336 bytes in 172 blocks
==64740==    still reachable: 1,056,368 bytes in 16 blocks
==64740==                       of which reachable via heuristic:
==64740==                         length64           : 13,728 bytes in 201 blocks
==64740==                         newarray           : 2,528 bytes in 78 blocks
==64740==         suppressed: 10,193,105 bytes in 113,302 blocks
==64740== 
==64740== Use --track-origins=yes to see where uninitialised values come from
==64740== For lists of detected and suppressed errors, rerun with: -s
==64740== ERROR SUMMARY: 32 errors from 32 contexts (suppressed: 121 from 121)
