==25947== Memcheck, a memory error detector
==25947== Copyright (C) 2002-2017, and GNU GPL'd, by Julian Seward et al.
==25947== Using Valgrind-3.18.1 and LibVEX; rerun with -h for copyright info
==25947== Command: ./main
==25947== Parent PID: 2606
==25947== 
==25947== 
==25947== HEAP SUMMARY:
==25947==     in use at exit: 258,861,955 bytes in 165,061 blocks
==25947==   total heap usage: 53,500,212 allocs, 53,335,151 frees, 140,313,382,867 bytes allocated
==25947== 
==25947== 144 bytes in 1 blocks are possibly lost in loss record 19,558 of 25,001
==25947==    at 0x483C855: malloc (vg_replace_malloc.c:381)
==25947==    by 0x134E3D: buf__grow (common.c:30)
==25947==    by 0x1352AF: arena_grow (common.c:63)
==25947==    by 0x13537B: arena_alloc (common.c:72)
==25947==    by 0x135D25: str_intern_range (common.c:257)
==25947==    by 0x135DD9: str_intern (common.c:271)
==25947==    by 0x12A05B: add_builtin_var (interpret.c:27)
==25947==    by 0x12A268: add_builtin_double (interpret.c:65)
==25947==    by 0x112C3D: add_builtin_vars (assumptions.c:15)
==25947==    by 0x112D0A: interpret_code (assumptions.c:27)
==25947==    by 0x113531: calcA (assumptions.c:141)
==25947==    by 0x111A37: init_cm (main.c:216)
==25947== 
==25947== 272 bytes in 1 blocks are possibly lost in loss record 21,549 of 25,001
==25947==    at 0x48416C6: realloc (vg_replace_malloc.c:1437)
==25947==    by 0x134E2B: buf__grow (common.c:28)
==25947==    by 0x12B648: init_keywords (lex.c:45)
==25947==    by 0x12A2BC: init_interpreter (interpret.c:75)
==25947==    by 0x12A640: interpret (interpret.c:131)
==25947==    by 0x112D9D: interpret_code (assumptions.c:32)
==25947==    by 0x113531: calcA (assumptions.c:141)
==25947==    by 0x111A37: init_cm (main.c:216)
==25947==    by 0x110169: runmember (main.c:59)
==25947==    by 0x12159E: runtc (userrunhandlers.c:183)
==25947==    by 0x53ABAD0: ??? (in /usr/lib/x86_64-linux-gnu/libglib-2.0.so.0.6400.6)
==25947==    by 0x60FA608: start_thread (pthread_create.c:477)
==25947== 
==25947== 400 bytes in 1 blocks are still reachable in loss record 22,561 of 25,001
==25947==    at 0x483C855: malloc (vg_replace_malloc.c:381)
==25947==    by 0x134E3D: buf__grow (common.c:30)
==25947==    by 0x12FF5D: parse_stmt_select_case (parse.c:460)
==25947==    by 0x1303A4: parse_stmt_select (parse.c:489)
==25947==    by 0x130631: parse_stmt (parse.c:513)
==25947==    by 0x1301BF: parse_stmt_select_case (parse.c:473)
==25947==    by 0x1303A4: parse_stmt_select (parse.c:489)
==25947==    by 0x130631: parse_stmt (parse.c:513)
==25947==    by 0x130716: parse_stmts (parse.c:526)
==25947==    by 0x12A3A1: parse_interpreter (interpret.c:105)
==25947==    by 0x12A645: interpret (interpret.c:132)
==25947==    by 0x112D9D: interpret_code (assumptions.c:32)
==25947== 
==25947== 400 bytes in 1 blocks are still reachable in loss record 22,562 of 25,001
==25947==    at 0x483C855: malloc (vg_replace_malloc.c:381)
==25947==    by 0x134E3D: buf__grow (common.c:30)
==25947==    by 0x12FF5D: parse_stmt_select_case (parse.c:460)
==25947==    by 0x1303A4: parse_stmt_select (parse.c:489)
==25947==    by 0x130631: parse_stmt (parse.c:513)
==25947==    by 0x130716: parse_stmts (parse.c:526)
==25947==    by 0x12A3A1: parse_interpreter (interpret.c:105)
==25947==    by 0x12A645: interpret (interpret.c:132)
==25947==    by 0x112D9D: interpret_code (assumptions.c:32)
==25947==    by 0x113571: calcC (assumptions.c:147)
==25947==    by 0x125250: get_premium (calculate.c:278)
==25947==    by 0x125625: update_premiums (calculate.c:317)
==25947== 
==25947== 400 bytes in 1 blocks are still reachable in loss record 22,563 of 25,001
==25947==    at 0x483C855: malloc (vg_replace_malloc.c:381)
==25947==    by 0x134E3D: buf__grow (common.c:30)
==25947==    by 0x12FF5D: parse_stmt_select_case (parse.c:460)
==25947==    by 0x1303A4: parse_stmt_select (parse.c:489)
==25947==    by 0x130631: parse_stmt (parse.c:513)
==25947==    by 0x130716: parse_stmts (parse.c:526)
==25947==    by 0x12A3A1: parse_interpreter (interpret.c:105)
==25947==    by 0x12A645: interpret (interpret.c:132)
==25947==    by 0x112D9D: interpret_code (assumptions.c:32)
==25947==    by 0x11367B: retx (assumptions.c:170)
==25947==    by 0x110CE8: runmember (main.c:130)
==25947==    by 0x12159E: runtc (userrunhandlers.c:183)
==25947== 
==25947== 800 bytes in 2 blocks are possibly lost in loss record 23,605 of 25,001
==25947==    at 0x483C855: malloc (vg_replace_malloc.c:381)
==25947==    by 0x134E3D: buf__grow (common.c:30)
==25947==    by 0x12FF5D: parse_stmt_select_case (parse.c:460)
==25947==    by 0x1303A4: parse_stmt_select (parse.c:489)
==25947==    by 0x130631: parse_stmt (parse.c:513)
==25947==    by 0x130716: parse_stmts (parse.c:526)
==25947==    by 0x12A3A1: parse_interpreter (interpret.c:105)
==25947==    by 0x12A645: interpret (interpret.c:132)
==25947==    by 0x112D9D: interpret_code (assumptions.c:32)
==25947==    by 0x11363B: wxdef (assumptions.c:164)
==25947==    by 0x110B6C: runmember (main.c:123)
==25947==    by 0x12159E: runtc (userrunhandlers.c:183)
==25947== 
==25947== 912 bytes in 1 blocks are still reachable in loss record 23,738 of 25,001
==25947==    at 0x483C855: malloc (vg_replace_malloc.c:381)
==25947==    by 0x134E3D: buf__grow (common.c:30)
==25947==    by 0x130411: parse_stmt_select (parse.c:490)
==25947==    by 0x130631: parse_stmt (parse.c:513)
==25947==    by 0x130716: parse_stmts (parse.c:526)
==25947==    by 0x12A3A1: parse_interpreter (interpret.c:105)
==25947==    by 0x12A645: interpret (interpret.c:132)
==25947==    by 0x112D9D: interpret_code (assumptions.c:32)
==25947==    by 0x113571: calcC (assumptions.c:147)
==25947==    by 0x125250: get_premium (calculate.c:278)
==25947==    by 0x125625: update_premiums (calculate.c:317)
==25947==    by 0x1106F0: runmember (main.c:93)
==25947== 
==25947== 1,024 bytes in 1 blocks are still reachable in loss record 23,876 of 25,001
==25947==    at 0x484147B: calloc (vg_replace_malloc.c:1328)
==25947==    by 0x1357F9: map_grow (common.c:153)
==25947==    by 0x13594D: map_put_uint64_from_uint64 (common.c:174)
==25947==    by 0x135B47: map_put_from_uint64 (common.c:213)
==25947==    by 0x135D84: str_intern_range (common.c:263)
==25947==    by 0x135DD9: str_intern (common.c:271)
==25947==    by 0x1309D7: sym_get (resolve.c:69)
==25947==    by 0x130A21: sym_push_type (resolve.c:78)
==25947==    by 0x12D4DC: init_builtin_type (type.c:98)
==25947==    by 0x12D514: init_builtin_types (type.c:105)
==25947==    by 0x12A2D5: init_interpreter (interpret.c:77)
==25947==    by 0x12A640: interpret (interpret.c:131)
==25947== 
==25947== 1,024 bytes in 1 blocks are still reachable in loss record 23,877 of 25,001
==25947==    at 0x483C855: malloc (vg_replace_malloc.c:381)
==25947==    by 0x13580D: map_grow (common.c:154)
==25947==    by 0x13594D: map_put_uint64_from_uint64 (common.c:174)
==25947==    by 0x135B47: map_put_from_uint64 (common.c:213)
==25947==    by 0x135D84: str_intern_range (common.c:263)
==25947==    by 0x135DD9: str_intern (common.c:271)
==25947==    by 0x1309D7: sym_get (resolve.c:69)
==25947==    by 0x130A21: sym_push_type (resolve.c:78)
==25947==    by 0x12D4DC: init_builtin_type (type.c:98)
==25947==    by 0x12D514: init_builtin_types (type.c:105)
==25947==    by 0x12A2D5: init_interpreter (interpret.c:77)
==25947==    by 0x12A640: interpret (interpret.c:131)
==25947== 
==25947== 1,600 bytes in 4 blocks are possibly lost in loss record 24,267 of 25,001
==25947==    at 0x483C855: malloc (vg_replace_malloc.c:381)
==25947==    by 0x134E3D: buf__grow (common.c:30)
==25947==    by 0x12FF5D: parse_stmt_select_case (parse.c:460)
==25947==    by 0x1303A4: parse_stmt_select (parse.c:489)
==25947==    by 0x130631: parse_stmt (parse.c:513)
==25947==    by 0x130716: parse_stmts (parse.c:526)
==25947==    by 0x12A3A1: parse_interpreter (interpret.c:105)
==25947==    by 0x12A645: interpret (interpret.c:132)
==25947==    by 0x112D9D: interpret_code (assumptions.c:32)
==25947==    by 0x11367B: retx (assumptions.c:170)
==25947==    by 0x110CE8: runmember (main.c:130)
==25947==    by 0x12159E: runtc (userrunhandlers.c:183)
==25947== 
==25947== 1,824 bytes in 2 blocks are still reachable in loss record 24,344 of 25,001
==25947==    at 0x483C855: malloc (vg_replace_malloc.c:381)
==25947==    by 0x134E3D: buf__grow (common.c:30)
==25947==    by 0x130411: parse_stmt_select (parse.c:490)
==25947==    by 0x130631: parse_stmt (parse.c:513)
==25947==    by 0x1301BF: parse_stmt_select_case (parse.c:473)
==25947==    by 0x1303A4: parse_stmt_select (parse.c:489)
==25947==    by 0x130631: parse_stmt (parse.c:513)
==25947==    by 0x130716: parse_stmts (parse.c:526)
==25947==    by 0x12A3A1: parse_interpreter (interpret.c:105)
==25947==    by 0x12A645: interpret (interpret.c:132)
==25947==    by 0x112D9D: interpret_code (assumptions.c:32)
==25947==    by 0x113531: calcA (assumptions.c:141)
==25947== 
==25947== 1,824 bytes in 2 blocks are possibly lost in loss record 24,352 of 25,001
==25947==    at 0x483C855: malloc (vg_replace_malloc.c:381)
==25947==    by 0x134E3D: buf__grow (common.c:30)
==25947==    by 0x130411: parse_stmt_select (parse.c:490)
==25947==    by 0x130631: parse_stmt (parse.c:513)
==25947==    by 0x130716: parse_stmts (parse.c:526)
==25947==    by 0x12A3A1: parse_interpreter (interpret.c:105)
==25947==    by 0x12A645: interpret (interpret.c:132)
==25947==    by 0x112D9D: interpret_code (assumptions.c:32)
==25947==    by 0x11363B: wxdef (assumptions.c:164)
==25947==    by 0x110B6C: runmember (main.c:123)
==25947==    by 0x12159E: runtc (userrunhandlers.c:183)
==25947==    by 0x53ABAD0: ??? (in /usr/lib/x86_64-linux-gnu/libglib-2.0.so.0.6400.6)
==25947== 
==25947== 1,824 bytes in 2 blocks are possibly lost in loss record 24,353 of 25,001
==25947==    at 0x483C855: malloc (vg_replace_malloc.c:381)
==25947==    by 0x134E3D: buf__grow (common.c:30)
==25947==    by 0x130411: parse_stmt_select (parse.c:490)
==25947==    by 0x130631: parse_stmt (parse.c:513)
==25947==    by 0x130716: parse_stmts (parse.c:526)
==25947==    by 0x12A3A1: parse_interpreter (interpret.c:105)
==25947==    by 0x12A645: interpret (interpret.c:132)
==25947==    by 0x112D9D: interpret_code (assumptions.c:32)
==25947==    by 0x11367B: retx (assumptions.c:170)
==25947==    by 0x110CE8: runmember (main.c:130)
==25947==    by 0x12159E: runtc (userrunhandlers.c:183)
==25947==    by 0x53ABAD0: ??? (in /usr/lib/x86_64-linux-gnu/libglib-2.0.so.0.6400.6)
==25947== 
==25947== 3,600 bytes in 9 blocks are still reachable in loss record 24,638 of 25,001
==25947==    at 0x483C855: malloc (vg_replace_malloc.c:381)
==25947==    by 0x134E3D: buf__grow (common.c:30)
==25947==    by 0x12FF5D: parse_stmt_select_case (parse.c:460)
==25947==    by 0x1303A4: parse_stmt_select (parse.c:489)
==25947==    by 0x130631: parse_stmt (parse.c:513)
==25947==    by 0x130716: parse_stmts (parse.c:526)
==25947==    by 0x12A3A1: parse_interpreter (interpret.c:105)
==25947==    by 0x12A645: interpret (interpret.c:132)
==25947==    by 0x112D9D: interpret_code (assumptions.c:32)
==25947==    by 0x113531: calcA (assumptions.c:141)
==25947==    by 0x125235: get_premium (calculate.c:278)
==25947==    by 0x125625: update_premiums (calculate.c:317)
==25947== 
==25947== 6,000 bytes in 15 blocks are indirectly lost in loss record 24,779 of 25,001
==25947==    at 0x483C855: malloc (vg_replace_malloc.c:381)
==25947==    by 0x134E3D: buf__grow (common.c:30)
==25947==    by 0x12FF5D: parse_stmt_select_case (parse.c:460)
==25947==    by 0x1303A4: parse_stmt_select (parse.c:489)
==25947==    by 0x130631: parse_stmt (parse.c:513)
==25947==    by 0x130716: parse_stmts (parse.c:526)
==25947==    by 0x12A3A1: parse_interpreter (interpret.c:105)
==25947==    by 0x12A645: interpret (interpret.c:132)
==25947==    by 0x112D9D: interpret_code (assumptions.c:32)
==25947==    by 0x113571: calcC (assumptions.c:147)
==25947==    by 0x111A4F: init_cm (main.c:216)
==25947==    by 0x110169: runmember (main.c:59)
==25947== 
==25947== 6,384 bytes in 7 blocks are possibly lost in loss record 24,796 of 25,001
==25947==    at 0x483C855: malloc (vg_replace_malloc.c:381)
==25947==    by 0x134E3D: buf__grow (common.c:30)
==25947==    by 0x130411: parse_stmt_select (parse.c:490)
==25947==    by 0x130631: parse_stmt (parse.c:513)
==25947==    by 0x1301BF: parse_stmt_select_case (parse.c:473)
==25947==    by 0x1303A4: parse_stmt_select (parse.c:489)
==25947==    by 0x130631: parse_stmt (parse.c:513)
==25947==    by 0x130716: parse_stmts (parse.c:526)
==25947==    by 0x12A3A1: parse_interpreter (interpret.c:105)
==25947==    by 0x12A645: interpret (interpret.c:132)
==25947==    by 0x112D9D: interpret_code (assumptions.c:32)
==25947==    by 0x113571: calcC (assumptions.c:147)
==25947== 
==25947== 7,200 bytes in 18 blocks are indirectly lost in loss record 24,819 of 25,001
==25947==    at 0x483C855: malloc (vg_replace_malloc.c:381)
==25947==    by 0x134E3D: buf__grow (common.c:30)
==25947==    by 0x12FF5D: parse_stmt_select_case (parse.c:460)
==25947==    by 0x1303A4: parse_stmt_select (parse.c:489)
==25947==    by 0x130631: parse_stmt (parse.c:513)
==25947==    by 0x130716: parse_stmts (parse.c:526)
==25947==    by 0x12A3A1: parse_interpreter (interpret.c:105)
==25947==    by 0x12A645: interpret (interpret.c:132)
==25947==    by 0x112D9D: interpret_code (assumptions.c:32)
==25947==    by 0x113531: calcA (assumptions.c:141)
==25947==    by 0x111A37: init_cm (main.c:216)
==25947==    by 0x110169: runmember (main.c:59)
==25947== 
==25947== 7,296 bytes in 8 blocks are possibly lost in loss record 24,823 of 25,001
==25947==    at 0x483C855: malloc (vg_replace_malloc.c:381)
==25947==    by 0x134E3D: buf__grow (common.c:30)
==25947==    by 0x130411: parse_stmt_select (parse.c:490)
==25947==    by 0x130631: parse_stmt (parse.c:513)
==25947==    by 0x130716: parse_stmts (parse.c:526)
==25947==    by 0x12A3A1: parse_interpreter (interpret.c:105)
==25947==    by 0x12A645: interpret (interpret.c:132)
==25947==    by 0x112D9D: interpret_code (assumptions.c:32)
==25947==    by 0x113531: calcA (assumptions.c:141)
==25947==    by 0x125235: get_premium (calculate.c:278)
==25947==    by 0x125625: update_premiums (calculate.c:317)
==25947==    by 0x1106F0: runmember (main.c:93)
==25947== 
==25947== 8,736 (2,736 direct, 6,000 indirect) bytes in 3 blocks are definitely lost in loss record 24,858 of 25,001
==25947==    at 0x483C855: malloc (vg_replace_malloc.c:381)
==25947==    by 0x134E3D: buf__grow (common.c:30)
==25947==    by 0x130411: parse_stmt_select (parse.c:490)
==25947==    by 0x130631: parse_stmt (parse.c:513)
==25947==    by 0x130716: parse_stmts (parse.c:526)
==25947==    by 0x12A3A1: parse_interpreter (interpret.c:105)
==25947==    by 0x12A645: interpret (interpret.c:132)
==25947==    by 0x112D9D: interpret_code (assumptions.c:32)
==25947==    by 0x113571: calcC (assumptions.c:147)
==25947==    by 0x111A4F: init_cm (main.c:216)
==25947==    by 0x110169: runmember (main.c:59)
==25947==    by 0x12159E: runtc (userrunhandlers.c:183)
==25947== 
==25947== 9,936 (2,736 direct, 7,200 indirect) bytes in 3 blocks are definitely lost in loss record 24,869 of 25,001
==25947==    at 0x483C855: malloc (vg_replace_malloc.c:381)
==25947==    by 0x134E3D: buf__grow (common.c:30)
==25947==    by 0x130411: parse_stmt_select (parse.c:490)
==25947==    by 0x130631: parse_stmt (parse.c:513)
==25947==    by 0x130716: parse_stmts (parse.c:526)
==25947==    by 0x12A3A1: parse_interpreter (interpret.c:105)
==25947==    by 0x12A645: interpret (interpret.c:132)
==25947==    by 0x112D9D: interpret_code (assumptions.c:32)
==25947==    by 0x113531: calcA (assumptions.c:141)
==25947==    by 0x111A37: init_cm (main.c:216)
==25947==    by 0x110169: runmember (main.c:59)
==25947==    by 0x12159E: runtc (userrunhandlers.c:183)
==25947== 
==25947== 10,944 bytes in 12 blocks are possibly lost in loss record 24,880 of 25,001
==25947==    at 0x483C855: malloc (vg_replace_malloc.c:381)
==25947==    by 0x134E3D: buf__grow (common.c:30)
==25947==    by 0x130411: parse_stmt_select (parse.c:490)
==25947==    by 0x130631: parse_stmt (parse.c:513)
==25947==    by 0x130716: parse_stmts (parse.c:526)
==25947==    by 0x12A3A1: parse_interpreter (interpret.c:105)
==25947==    by 0x12A645: interpret (interpret.c:132)
==25947==    by 0x112D9D: interpret_code (assumptions.c:32)
==25947==    by 0x113571: calcC (assumptions.c:147)
==25947==    by 0x125250: get_premium (calculate.c:278)
==25947==    by 0x125625: update_premiums (calculate.c:317)
==25947==    by 0x1106F0: runmember (main.c:93)
==25947== 
==25947== 11,856 bytes in 13 blocks are possibly lost in loss record 24,890 of 25,001
==25947==    at 0x483C855: malloc (vg_replace_malloc.c:381)
==25947==    by 0x134E3D: buf__grow (common.c:30)
==25947==    by 0x130411: parse_stmt_select (parse.c:490)
==25947==    by 0x130631: parse_stmt (parse.c:513)
==25947==    by 0x1301BF: parse_stmt_select_case (parse.c:473)
==25947==    by 0x1303A4: parse_stmt_select (parse.c:489)
==25947==    by 0x130631: parse_stmt (parse.c:513)
==25947==    by 0x130716: parse_stmts (parse.c:526)
==25947==    by 0x12A3A1: parse_interpreter (interpret.c:105)
==25947==    by 0x12A645: interpret (interpret.c:132)
==25947==    by 0x112D9D: interpret_code (assumptions.c:32)
==25947==    by 0x113531: calcA (assumptions.c:141)
==25947== 
==25947== 27,600 bytes in 69 blocks are possibly lost in loss record 24,949 of 25,001
==25947==    at 0x483C855: malloc (vg_replace_malloc.c:381)
==25947==    by 0x134E3D: buf__grow (common.c:30)
==25947==    by 0x12FF5D: parse_stmt_select_case (parse.c:460)
==25947==    by 0x1303A4: parse_stmt_select (parse.c:489)
==25947==    by 0x130631: parse_stmt (parse.c:513)
==25947==    by 0x1301BF: parse_stmt_select_case (parse.c:473)
==25947==    by 0x1303A4: parse_stmt_select (parse.c:489)
==25947==    by 0x130631: parse_stmt (parse.c:513)
==25947==    by 0x130716: parse_stmts (parse.c:526)
==25947==    by 0x12A3A1: parse_interpreter (interpret.c:105)
==25947==    by 0x12A645: interpret (interpret.c:132)
==25947==    by 0x112D9D: interpret_code (assumptions.c:32)
==25947== 
==25947== 30,800 bytes in 77 blocks are possibly lost in loss record 24,953 of 25,001
==25947==    at 0x483C855: malloc (vg_replace_malloc.c:381)
==25947==    by 0x134E3D: buf__grow (common.c:30)
==25947==    by 0x12FF5D: parse_stmt_select_case (parse.c:460)
==25947==    by 0x1303A4: parse_stmt_select (parse.c:489)
==25947==    by 0x130631: parse_stmt (parse.c:513)
==25947==    by 0x130716: parse_stmts (parse.c:526)
==25947==    by 0x12A3A1: parse_interpreter (interpret.c:105)
==25947==    by 0x12A645: interpret (interpret.c:132)
==25947==    by 0x112D9D: interpret_code (assumptions.c:32)
==25947==    by 0x113531: calcA (assumptions.c:141)
==25947==    by 0x125235: get_premium (calculate.c:278)
==25947==    by 0x125625: update_premiums (calculate.c:317)
==25947== 
==25947== 35,600 bytes in 89 blocks are possibly lost in loss record 24,962 of 25,001
==25947==    at 0x483C855: malloc (vg_replace_malloc.c:381)
==25947==    by 0x134E3D: buf__grow (common.c:30)
==25947==    by 0x12FF5D: parse_stmt_select_case (parse.c:460)
==25947==    by 0x1303A4: parse_stmt_select (parse.c:489)
==25947==    by 0x130631: parse_stmt (parse.c:513)
==25947==    by 0x130716: parse_stmts (parse.c:526)
==25947==    by 0x12A3A1: parse_interpreter (interpret.c:105)
==25947==    by 0x12A645: interpret (interpret.c:132)
==25947==    by 0x112D9D: interpret_code (assumptions.c:32)
==25947==    by 0x113571: calcC (assumptions.c:147)
==25947==    by 0x125250: get_premium (calculate.c:278)
==25947==    by 0x125625: update_premiums (calculate.c:317)
==25947== 
==25947== 76,000 bytes in 190 blocks are indirectly lost in loss record 24,977 of 25,001
==25947==    at 0x483C855: malloc (vg_replace_malloc.c:381)
==25947==    by 0x134E3D: buf__grow (common.c:30)
==25947==    by 0x12FF5D: parse_stmt_select_case (parse.c:460)
==25947==    by 0x1303A4: parse_stmt_select (parse.c:489)
==25947==    by 0x130631: parse_stmt (parse.c:513)
==25947==    by 0x130716: parse_stmts (parse.c:526)
==25947==    by 0x12A3A1: parse_interpreter (interpret.c:105)
==25947==    by 0x12A645: interpret (interpret.c:132)
==25947==    by 0x112D9D: interpret_code (assumptions.c:32)
==25947==    by 0x11363B: wxdef (assumptions.c:164)
==25947==    by 0x110B6C: runmember (main.c:123)
==25947==    by 0x12159E: runtc (userrunhandlers.c:183)
==25947== 
==25947== 151,600 bytes in 379 blocks are indirectly lost in loss record 24,984 of 25,001
==25947==    at 0x483C855: malloc (vg_replace_malloc.c:381)
==25947==    by 0x134E3D: buf__grow (common.c:30)
==25947==    by 0x12FF5D: parse_stmt_select_case (parse.c:460)
==25947==    by 0x1303A4: parse_stmt_select (parse.c:489)
==25947==    by 0x130631: parse_stmt (parse.c:513)
==25947==    by 0x130716: parse_stmts (parse.c:526)
==25947==    by 0x12A3A1: parse_interpreter (interpret.c:105)
==25947==    by 0x12A645: interpret (interpret.c:132)
==25947==    by 0x112D9D: interpret_code (assumptions.c:32)
==25947==    by 0x11367B: retx (assumptions.c:170)
==25947==    by 0x110CE8: runmember (main.c:130)
==25947==    by 0x12159E: runtc (userrunhandlers.c:183)
==25947== 
==25947== 249,280 (173,280 direct, 76,000 indirect) bytes in 190 blocks are definitely lost in loss record 24,988 of 25,001
==25947==    at 0x483C855: malloc (vg_replace_malloc.c:381)
==25947==    by 0x134E3D: buf__grow (common.c:30)
==25947==    by 0x130411: parse_stmt_select (parse.c:490)
==25947==    by 0x130631: parse_stmt (parse.c:513)
==25947==    by 0x130716: parse_stmts (parse.c:526)
==25947==    by 0x12A3A1: parse_interpreter (interpret.c:105)
==25947==    by 0x12A645: interpret (interpret.c:132)
==25947==    by 0x112D9D: interpret_code (assumptions.c:32)
==25947==    by 0x11363B: wxdef (assumptions.c:164)
==25947==    by 0x110B6C: runmember (main.c:123)
==25947==    by 0x12159E: runtc (userrunhandlers.c:183)
==25947==    by 0x53ABAD0: ??? (in /usr/lib/x86_64-linux-gnu/libglib-2.0.so.0.6400.6)
==25947== 
==25947== 324,880 (173,280 direct, 151,600 indirect) bytes in 190 blocks are definitely lost in loss record 24,990 of 25,001
==25947==    at 0x483C855: malloc (vg_replace_malloc.c:381)
==25947==    by 0x134E3D: buf__grow (common.c:30)
==25947==    by 0x130411: parse_stmt_select (parse.c:490)
==25947==    by 0x130631: parse_stmt (parse.c:513)
==25947==    by 0x130716: parse_stmts (parse.c:526)
==25947==    by 0x12A3A1: parse_interpreter (interpret.c:105)
==25947==    by 0x12A645: interpret (interpret.c:132)
==25947==    by 0x112D9D: interpret_code (assumptions.c:32)
==25947==    by 0x11367B: retx (assumptions.c:170)
==25947==    by 0x110CE8: runmember (main.c:130)
==25947==    by 0x12159E: runtc (userrunhandlers.c:183)
==25947==    by 0x53ABAD0: ??? (in /usr/lib/x86_64-linux-gnu/libglib-2.0.so.0.6400.6)
==25947== 
==25947== 1,048,576 bytes in 1 blocks are still reachable in loss record 24,993 of 25,001
==25947==    at 0x483C855: malloc (vg_replace_malloc.c:381)
==25947==    by 0x1351CA: arena_grow (common.c:60)
==25947==    by 0x13537B: arena_alloc (common.c:72)
==25947==    by 0x135D25: str_intern_range (common.c:257)
==25947==    by 0x135DD9: str_intern (common.c:271)
==25947==    by 0x12A05B: add_builtin_var (interpret.c:27)
==25947==    by 0x12A268: add_builtin_double (interpret.c:65)
==25947==    by 0x112C3D: add_builtin_vars (assumptions.c:15)
==25947==    by 0x112D0A: interpret_code (assumptions.c:27)
==25947==    by 0x113531: calcA (assumptions.c:141)
==25947==    by 0x111A37: init_cm (main.c:216)
==25947==    by 0x110169: runmember (main.c:59)
==25947== 
==25947== 2,617,584 (1,397,184 direct, 1,220,400 indirect) bytes in 1,532 blocks are definitely lost in loss record 24,994 of 25,001
==25947==    at 0x483C855: malloc (vg_replace_malloc.c:381)
==25947==    by 0x134E3D: buf__grow (common.c:30)
==25947==    by 0x130411: parse_stmt_select (parse.c:490)
==25947==    by 0x130631: parse_stmt (parse.c:513)
==25947==    by 0x1301BF: parse_stmt_select_case (parse.c:473)
==25947==    by 0x1303A4: parse_stmt_select (parse.c:489)
==25947==    by 0x130631: parse_stmt (parse.c:513)
==25947==    by 0x130716: parse_stmts (parse.c:526)
==25947==    by 0x12A3A1: parse_interpreter (interpret.c:105)
==25947==    by 0x12A645: interpret (interpret.c:132)
==25947==    by 0x112D9D: interpret_code (assumptions.c:32)
==25947==    by 0x113571: calcC (assumptions.c:147)
==25947== 
==25947== 3,036,000 bytes in 7,590 blocks are indirectly lost in loss record 24,995 of 25,001
==25947==    at 0x483C855: malloc (vg_replace_malloc.c:381)
==25947==    by 0x134E3D: buf__grow (common.c:30)
==25947==    by 0x12FF5D: parse_stmt_select_case (parse.c:460)
==25947==    by 0x1303A4: parse_stmt_select (parse.c:489)
==25947==    by 0x130631: parse_stmt (parse.c:513)
==25947==    by 0x130716: parse_stmts (parse.c:526)
==25947==    by 0x12A3A1: parse_interpreter (interpret.c:105)
==25947==    by 0x12A645: interpret (interpret.c:132)
==25947==    by 0x112D9D: interpret_code (assumptions.c:32)
==25947==    by 0x113571: calcC (assumptions.c:147)
==25947==    by 0x125250: get_premium (calculate.c:278)
==25947==    by 0x125625: update_premiums (calculate.c:317)
==25947== 
==25947== 3,652,000 bytes in 9,130 blocks are indirectly lost in loss record 24,996 of 25,001
==25947==    at 0x483C855: malloc (vg_replace_malloc.c:381)
==25947==    by 0x134E3D: buf__grow (common.c:30)
==25947==    by 0x12FF5D: parse_stmt_select_case (parse.c:460)
==25947==    by 0x1303A4: parse_stmt_select (parse.c:489)
==25947==    by 0x130631: parse_stmt (parse.c:513)
==25947==    by 0x130716: parse_stmts (parse.c:526)
==25947==    by 0x12A3A1: parse_interpreter (interpret.c:105)
==25947==    by 0x12A645: interpret (interpret.c:132)
==25947==    by 0x112D9D: interpret_code (assumptions.c:32)
==25947==    by 0x113531: calcA (assumptions.c:141)
==25947==    by 0x125235: get_premium (calculate.c:278)
==25947==    by 0x125625: update_premiums (calculate.c:317)
==25947== 
==25947== 3,665,600 bytes in 9,164 blocks are indirectly lost in loss record 24,997 of 25,001
==25947==    at 0x483C855: malloc (vg_replace_malloc.c:381)
==25947==    by 0x134E3D: buf__grow (common.c:30)
==25947==    by 0x12FF5D: parse_stmt_select_case (parse.c:460)
==25947==    by 0x1303A4: parse_stmt_select (parse.c:489)
==25947==    by 0x130631: parse_stmt (parse.c:513)
==25947==    by 0x1301BF: parse_stmt_select_case (parse.c:473)
==25947==    by 0x1303A4: parse_stmt_select (parse.c:489)
==25947==    by 0x130631: parse_stmt (parse.c:513)
==25947==    by 0x130716: parse_stmts (parse.c:526)
==25947==    by 0x12A3A1: parse_interpreter (interpret.c:105)
==25947==    by 0x12A645: interpret (interpret.c:132)
==25947==    by 0x112D9D: interpret_code (assumptions.c:32)
==25947== 
==25947== 4,424,976 (1,388,976 direct, 3,036,000 indirect) bytes in 1,523 blocks are definitely lost in loss record 24,998 of 25,001
==25947==    at 0x483C855: malloc (vg_replace_malloc.c:381)
==25947==    by 0x134E3D: buf__grow (common.c:30)
==25947==    by 0x130411: parse_stmt_select (parse.c:490)
==25947==    by 0x130631: parse_stmt (parse.c:513)
==25947==    by 0x130716: parse_stmts (parse.c:526)
==25947==    by 0x12A3A1: parse_interpreter (interpret.c:105)
==25947==    by 0x12A645: interpret (interpret.c:132)
==25947==    by 0x112D9D: interpret_code (assumptions.c:32)
==25947==    by 0x113571: calcC (assumptions.c:147)
==25947==    by 0x125250: get_premium (calculate.c:278)
==25947==    by 0x125625: update_premiums (calculate.c:317)
==25947==    by 0x1106F0: runmember (main.c:93)
==25947== 
==25947== 5,045,536 (1,393,536 direct, 3,652,000 indirect) bytes in 1,528 blocks are definitely lost in loss record 24,999 of 25,001
==25947==    at 0x483C855: malloc (vg_replace_malloc.c:381)
==25947==    by 0x134E3D: buf__grow (common.c:30)
==25947==    by 0x130411: parse_stmt_select (parse.c:490)
==25947==    by 0x130631: parse_stmt (parse.c:513)
==25947==    by 0x130716: parse_stmts (parse.c:526)
==25947==    by 0x12A3A1: parse_interpreter (interpret.c:105)
==25947==    by 0x12A645: interpret (interpret.c:132)
==25947==    by 0x112D9D: interpret_code (assumptions.c:32)
==25947==    by 0x113531: calcA (assumptions.c:141)
==25947==    by 0x125235: get_premium (calculate.c:278)
==25947==    by 0x125625: update_premiums (calculate.c:317)
==25947==    by 0x1106F0: runmember (main.c:93)
==25947== 
==25947== 5,238,656 (2,793,456 direct, 2,445,200 indirect) bytes in 3,063 blocks are definitely lost in loss record 25,000 of 25,001
==25947==    at 0x483C855: malloc (vg_replace_malloc.c:381)
==25947==    by 0x134E3D: buf__grow (common.c:30)
==25947==    by 0x130411: parse_stmt_select (parse.c:490)
==25947==    by 0x130631: parse_stmt (parse.c:513)
==25947==    by 0x1301BF: parse_stmt_select_case (parse.c:473)
==25947==    by 0x1303A4: parse_stmt_select (parse.c:489)
==25947==    by 0x130631: parse_stmt (parse.c:513)
==25947==    by 0x130716: parse_stmts (parse.c:526)
==25947==    by 0x12A3A1: parse_interpreter (interpret.c:105)
==25947==    by 0x12A645: interpret (interpret.c:132)
==25947==    by 0x112D9D: interpret_code (assumptions.c:32)
==25947==    by 0x113531: calcA (assumptions.c:141)
==25947== 
==25947== 227,500,080 bytes in 3 blocks are possibly lost in loss record 25,001 of 25,001
==25947==    at 0x48416C6: realloc (vg_replace_malloc.c:1437)
==25947==    by 0x134E2B: buf__grow (common.c:28)
==25947==    by 0x114BF6: create_members (DCProgram.c:195)
==25947==    by 0x121492: runtc (userrunhandlers.c:166)
==25947==    by 0x53ABAD0: ??? (in /usr/lib/x86_64-linux-gnu/libglib-2.0.so.0.6400.6)
==25947==    by 0x60FA608: start_thread (pthread_create.c:477)
==25947==    by 0x5732162: clone (clone.S:95)
==25947== 
==25947== LEAK SUMMARY:
==25947==    definitely lost: 7,325,184 bytes in 8,032 blocks
==25947==    indirectly lost: 10,594,400 bytes in 26,486 blocks
==25947==      possibly lost: 227,637,024 bytes in 290 blocks
==25947==    still reachable: 1,058,160 bytes in 18 blocks
==25947==                       of which reachable via heuristic:
==25947==                         length64           : 13,728 bytes in 201 blocks
==25947==                         newarray           : 2,528 bytes in 78 blocks
==25947==         suppressed: 10,250,547 bytes in 116,471 blocks
==25947== 
==25947== For lists of detected and suppressed errors, rerun with: -s
==25947== ERROR SUMMARY: 22 errors from 22 contexts (suppressed: 122 from 122)
